<?xml version="1.0" encoding="UTF-8"?>
<robot generator="Robot 6.1.1 (Python 3.11.4 on win32)" generated="20231108 14:59:12.644" rpa="false" schemaversion="4">
<suite id="s1" name="0.5-PUT-Sponsors" source="C:\Users\aahmed\PycharmProjects\DW-API_QC_Automation\Tests\0.5-PUT-Sponsors.robot">
<test id="s1-t1" name="Test case - verify when send a PUT request for sponsors with valid data" line="18">
<kw name="Create application to make PUT request for Sponsors" library="Common">
<kw name="Create API session" library="API_Preferences">
<kw name="Generate Random String" library="String">
<var>${randomNumber}</var>
<arg>4</arg>
<arg>[NUMBERS]</arg>
<doc>Generates a string with a desired ``length`` from the given ``chars``.</doc>
<msg timestamp="20231108 14:59:12.891" level="INFO">${randomNumber} = 7900</msg>
<status status="PASS" starttime="20231108 14:59:12.891" endtime="20231108 14:59:12.891"/>
</kw>
<kw name="Catenate" library="BuiltIn">
<var>${sessionName}</var>
<arg>session_${randomNumber}</arg>
<doc>Catenates the given items together and returns the resulted string.</doc>
<msg timestamp="20231108 14:59:12.891" level="INFO">${sessionName} = session_7900</msg>
<status status="PASS" starttime="20231108 14:59:12.891" endtime="20231108 14:59:12.891"/>
</kw>
<kw name="Set Global Variable" library="BuiltIn">
<arg>${sessionName}</arg>
<doc>Makes a variable available globally in all tests and suites.</doc>
<msg timestamp="20231108 14:59:12.891" level="INFO">${sessionName} = session_7900</msg>
<status status="PASS" starttime="20231108 14:59:12.891" endtime="20231108 14:59:12.891"/>
</kw>
<kw name="Create Session" library="RequestsLibrary">
<arg>${sessionName}</arg>
<arg>${Base_Url}</arg>
<arg>timeout=30</arg>
<arg>disable_warnings=1</arg>
<doc>Create Session: create a HTTP session to a server</doc>
<msg timestamp="20231108 14:59:12.891" level="INFO">Creating Session using : alias=session_7900, url=http://10.142.4.171:8091/api, headers={},                     cookies={}, auth=None, timeout=30, proxies=None, verify=False,                     debug=0 </msg>
<status status="PASS" starttime="20231108 14:59:12.891" endtime="20231108 14:59:12.891"/>
</kw>
<status status="PASS" starttime="20231108 14:59:12.891" endtime="20231108 14:59:12.891"/>
</kw>
<kw name="Create_Date_Today+2" library="API_Preferences">
<kw name="Get Current Date" library="DateTime">
<var>${TodayDate+2}</var>
<arg>increment=48h</arg>
<arg>result_format=%d-%m-%Y</arg>
<doc>Returns current local or UTC time with an optional increment.</doc>
<msg timestamp="20231108 14:59:12.891" level="INFO">${TodayDate+2} = 10-11-2023</msg>
<status status="PASS" starttime="20231108 14:59:12.891" endtime="20231108 14:59:12.891"/>
</kw>
<kw name="Set Global Variable" library="BuiltIn">
<arg>${TodayDate+2}</arg>
<doc>Makes a variable available globally in all tests and suites.</doc>
<msg timestamp="20231108 14:59:12.891" level="INFO">${TodayDate+2} = 10-11-2023</msg>
<status status="PASS" starttime="20231108 14:59:12.891" endtime="20231108 14:59:12.891"/>
</kw>
<status status="PASS" starttime="20231108 14:59:12.891" endtime="20231108 14:59:12.891"/>
</kw>
<kw name="Evaluate" library="BuiltIn">
<var>${Payload}</var>
<arg>json.dumps({"identityNumber":"${identityNumber}","dateOfBirthMonth":${dateOfBirthMonth},"dateOfBirthYear":${dateOfBirthYear},"policyEffectiveDate":"${TodayDate+2}","isGrantTameeni":True, "recaptchaToken":"True"})</arg>
<doc>Evaluates the given expression in Python and returns the result.</doc>
<msg timestamp="20231108 14:59:12.891" level="INFO">${Payload} = {"identityNumber": "1061246813", "dateOfBirthMonth": 11, "dateOfBirthYear": 1409, "policyEffectiveDate": "10-11-2023", "isGrantTameeni": true, "recaptchaToken": "True"}</msg>
<status status="PASS" starttime="20231108 14:59:12.891" endtime="20231108 14:59:12.891"/>
</kw>
<kw name="Post Request and check response" library="API_Preferences">
<arg>${sessionName}</arg>
<arg>${URI}</arg>
<arg>${Payload}</arg>
<arg>201</arg>
<kw name="Create Dictionary" library="BuiltIn">
<var>${header}</var>
<arg>Content-Type=application/json</arg>
<doc>Creates and returns a dictionary based on the given ``items``.</doc>
<msg timestamp="20231108 14:59:12.891" level="INFO">${header} = {'Content-Type': 'application/json'}</msg>
<status status="PASS" starttime="20231108 14:59:12.891" endtime="20231108 14:59:12.891"/>
</kw>
<kw name="Post Request" library="RequestsLibrary">
<var>${resp}</var>
<arg>${sessionName}</arg>
<arg>${SecondUrl}</arg>
<arg>${body}</arg>
<arg>headers=${header}</arg>
<doc>*DEPRECATED* Please use `POST On Session` instead.</doc>
<msg timestamp="20231108 14:59:12.891" level="WARN">Keyword 'RequestsLibrary.Post Request' is deprecated. Please use `POST On Session` instead.</msg>
<msg timestamp="20231108 14:59:19.540" level="INFO">POST Request : url=http://10.142.4.171:8091/api/Applications 
 path_url=/api/Applications 
 headers={'User-Agent': 'python-requests/2.31.0', 'Accept-Encoding': 'gzip, deflate', 'Accept': '*/*', 'Connection': 'keep-alive', 'Content-Type': 'application/json', 'Content-Length': '168'} 
 body=b'{"identityNumber": "1061246813", "dateOfBirthMonth": 11, "dateOfBirthYear": 1409, "policyEffectiveDate": "10-11-2023", "isGrantTameeni": true, "recaptchaToken": "True"}' 
 </msg>
<msg timestamp="20231108 14:59:19.540" level="INFO">POST Response : url=http://10.142.4.171:8091/api/Applications 
 status=201, reason=Created 
 headers={'Content-Type': 'application/json; charset=utf-8', 'Date': 'Wed, 08 Nov 2023 12:59:24 GMT', 'Server': 'Kestrel', 'Transfer-Encoding': 'chunked'} 
 body={"personInfoResponseModel":{"englishFirstName":"MOHAMMED","englishLastName":"KHAYAT","englishSecondName":"KHALID","englishThirdName":"M","arabicFirstName":"محمد","arabicSecondName":"محمد","arabicThirdName":"خالد","arabicLastName":"خياط","dateOfBirthG":null,"dateOfBirthH":"11-11-1409","nationalityDescAr":"العربية السعودية","nationalityDescEn":"Saudi Arabia","sponsorIdentityNumber":"1061246813"},"applicationReference":"d3b4ec57-f37b-451e-89b3-61ffcd3912a9"} 
 </msg>
<msg timestamp="20231108 14:59:19.540" level="INFO">${resp} = &lt;Response [201]&gt;</msg>
<status status="PASS" starttime="20231108 14:59:12.891" endtime="20231108 14:59:19.540"/>
</kw>
<kw name="Set Test Variable" library="BuiltIn">
<arg>${actualResult}</arg>
<arg>${resp.json()}</arg>
<doc>Makes a variable available everywhere within the scope of the current test.</doc>
<msg timestamp="20231108 14:59:19.541" level="INFO">${actualResult} = {'personInfoResponseModel': {'englishFirstName': 'MOHAMMED', 'englishLastName': 'KHAYAT', 'englishSecondName': 'KHALID', 'englishThirdName': 'M', 'arabicFirstName': 'محمد', 'arabicSecondName': 'محمد',...</msg>
<status status="PASS" starttime="20231108 14:59:19.540" endtime="20231108 14:59:19.541"/>
</kw>
<kw name="Should Be Equal As Strings" library="BuiltIn">
<arg>${resp.status_code}</arg>
<arg>${statuscode}</arg>
<doc>Fails if objects are unequal after converting them to strings.</doc>
<msg timestamp="20231108 14:59:19.541" level="INFO">Argument types are:
&lt;class 'int'&gt;
&lt;class 'str'&gt;</msg>
<status status="PASS" starttime="20231108 14:59:19.541" endtime="20231108 14:59:19.541"/>
</kw>
<kw name="Set Test Variable" library="BuiltIn">
<arg>${actualResult}</arg>
<doc>Makes a variable available everywhere within the scope of the current test.</doc>
<msg timestamp="20231108 14:59:19.541" level="INFO">${actualResult} = {'personInfoResponseModel': {'englishFirstName': 'MOHAMMED', 'englishLastName': 'KHAYAT', 'englishSecondName': 'KHALID', 'englishThirdName': 'M', 'arabicFirstName': 'محمد', 'arabicSecondName': 'محمد',...</msg>
<status status="PASS" starttime="20231108 14:59:19.541" endtime="20231108 14:59:19.541"/>
</kw>
<status status="PASS" starttime="20231108 14:59:12.891" endtime="20231108 14:59:19.541"/>
</kw>
<kw name="Set Test Variable" library="BuiltIn">
<arg>${ApplicationRef}</arg>
<arg>${actualResult['applicationReference']}</arg>
<doc>Makes a variable available everywhere within the scope of the current test.</doc>
<msg timestamp="20231108 14:59:19.541" level="INFO">${ApplicationRef} = d3b4ec57-f37b-451e-89b3-61ffcd3912a9</msg>
<status status="PASS" starttime="20231108 14:59:19.541" endtime="20231108 14:59:19.541"/>
</kw>
<status status="PASS" starttime="20231108 14:59:12.891" endtime="20231108 14:59:19.541"/>
</kw>
<kw name="Create API session" library="API_Preferences">
<kw name="Generate Random String" library="String">
<var>${randomNumber}</var>
<arg>4</arg>
<arg>[NUMBERS]</arg>
<doc>Generates a string with a desired ``length`` from the given ``chars``.</doc>
<msg timestamp="20231108 14:59:19.541" level="INFO">${randomNumber} = 9986</msg>
<status status="PASS" starttime="20231108 14:59:19.541" endtime="20231108 14:59:19.541"/>
</kw>
<kw name="Catenate" library="BuiltIn">
<var>${sessionName}</var>
<arg>session_${randomNumber}</arg>
<doc>Catenates the given items together and returns the resulted string.</doc>
<msg timestamp="20231108 14:59:19.541" level="INFO">${sessionName} = session_9986</msg>
<status status="PASS" starttime="20231108 14:59:19.541" endtime="20231108 14:59:19.541"/>
</kw>
<kw name="Set Global Variable" library="BuiltIn">
<arg>${sessionName}</arg>
<doc>Makes a variable available globally in all tests and suites.</doc>
<msg timestamp="20231108 14:59:19.541" level="INFO">${sessionName} = session_9986</msg>
<status status="PASS" starttime="20231108 14:59:19.541" endtime="20231108 14:59:19.541"/>
</kw>
<kw name="Create Session" library="RequestsLibrary">
<arg>${sessionName}</arg>
<arg>${Base_Url}</arg>
<arg>timeout=30</arg>
<arg>disable_warnings=1</arg>
<doc>Create Session: create a HTTP session to a server</doc>
<msg timestamp="20231108 14:59:19.541" level="INFO">Creating Session using : alias=session_9986, url=http://10.142.4.171:8091/api, headers={},                     cookies={}, auth=None, timeout=30, proxies=None, verify=False,                     debug=0 </msg>
<status status="PASS" starttime="20231108 14:59:19.541" endtime="20231108 14:59:19.541"/>
</kw>
<status status="PASS" starttime="20231108 14:59:19.541" endtime="20231108 14:59:19.541"/>
</kw>
<kw name="Evaluate" library="BuiltIn">
<var>${Payload}</var>
<arg>json.dumps({"IdentityNumber":"${identityNumber}","dateOfBirthMonth":${dateOfBirthMonth},"dateOfBirthYear":${dateOfBirthYear},"policyEffectiveDate":"${TodayDate+2}","mobileNumber":"${mobileNumber}"})</arg>
<doc>Evaluates the given expression in Python and returns the result.</doc>
<msg timestamp="20231108 14:59:19.541" level="INFO">${Payload} = {"IdentityNumber": "1061246813", "dateOfBirthMonth": 11, "dateOfBirthYear": 1409, "policyEffectiveDate": "10-11-2023", "mobileNumber": "0552141235"}</msg>
<status status="PASS" starttime="20231108 14:59:19.541" endtime="20231108 14:59:19.541"/>
</kw>
<kw name="Put request and check response no body appears" library="API_Preferences">
<arg>${sessionName}</arg>
<arg>${URI}/${ApplicationRef}/Sponsors</arg>
<arg>${Payload}</arg>
<arg>204</arg>
<kw name="Create Dictionary" library="BuiltIn">
<var>${header}</var>
<arg>Content-Type=application/json</arg>
<doc>Creates and returns a dictionary based on the given ``items``.</doc>
<msg timestamp="20231108 14:59:19.541" level="INFO">${header} = {'Content-Type': 'application/json'}</msg>
<status status="PASS" starttime="20231108 14:59:19.541" endtime="20231108 14:59:19.541"/>
</kw>
<kw name="Put Request" library="RequestsLibrary">
<var>${resp}</var>
<arg>${sessionName}</arg>
<arg>${SecondUrl}</arg>
<arg>${body}</arg>
<arg>headers=${header}</arg>
<doc>*DEPRECATED* Please use `PUT On Session` instead.</doc>
<msg timestamp="20231108 14:59:19.541" level="WARN">Keyword 'RequestsLibrary.Put Request' is deprecated. Please use `PUT On Session` instead.</msg>
<msg timestamp="20231108 14:59:20.200" level="INFO">PUT Request : url=http://10.142.4.171:8091/api/Applications/d3b4ec57-f37b-451e-89b3-61ffcd3912a9/Sponsors 
 path_url=/api/Applications/d3b4ec57-f37b-451e-89b3-61ffcd3912a9/Sponsors 
 headers={'User-Agent': 'python-requests/2.31.0', 'Accept-Encoding': 'gzip, deflate', 'Accept': '*/*', 'Connection': 'keep-alive', 'Content-Type': 'application/json', 'Content-Length': '148'} 
 body=b'{"IdentityNumber": "1061246813", "dateOfBirthMonth": 11, "dateOfBirthYear": 1409, "policyEffectiveDate": "10-11-2023", "mobileNumber": "0552141235"}' 
 </msg>
<msg timestamp="20231108 14:59:20.200" level="INFO">PUT Response : url=http://10.142.4.171:8091/api/Applications/d3b4ec57-f37b-451e-89b3-61ffcd3912a9/Sponsors 
 status=204, reason=No Content 
 headers={'Content-Length': '0', 'Date': 'Wed, 08 Nov 2023 12:59:25 GMT', 'Server': 'Kestrel'} 
 body=None 
 </msg>
<msg timestamp="20231108 14:59:20.200" level="INFO">${resp} = &lt;Response [204]&gt;</msg>
<status status="PASS" starttime="20231108 14:59:19.541" endtime="20231108 14:59:20.200"/>
</kw>
<kw name="Set Test Variable" library="BuiltIn">
<arg>${actualResult}</arg>
<doc>Makes a variable available everywhere within the scope of the current test.</doc>
<msg timestamp="20231108 14:59:20.203" level="INFO">${actualResult} = {'personInfoResponseModel': {'englishFirstName': 'MOHAMMED', 'englishLastName': 'KHAYAT', 'englishSecondName': 'KHALID', 'englishThirdName': 'M', 'arabicFirstName': 'محمد', 'arabicSecondName': 'محمد',...</msg>
<status status="PASS" starttime="20231108 14:59:20.200" endtime="20231108 14:59:20.203"/>
</kw>
<kw name="Should Be Equal As Strings" library="BuiltIn">
<arg>${resp.status_code}</arg>
<arg>${statuscode}</arg>
<doc>Fails if objects are unequal after converting them to strings.</doc>
<msg timestamp="20231108 14:59:20.203" level="INFO">Argument types are:
&lt;class 'int'&gt;
&lt;class 'str'&gt;</msg>
<status status="PASS" starttime="20231108 14:59:20.203" endtime="20231108 14:59:20.203"/>
</kw>
<kw name="Set Test Variable" library="BuiltIn">
<arg>${actualResult}</arg>
<doc>Makes a variable available everywhere within the scope of the current test.</doc>
<msg timestamp="20231108 14:59:20.203" level="INFO">${actualResult} = {'personInfoResponseModel': {'englishFirstName': 'MOHAMMED', 'englishLastName': 'KHAYAT', 'englishSecondName': 'KHALID', 'englishThirdName': 'M', 'arabicFirstName': 'محمد', 'arabicSecondName': 'محمد',...</msg>
<status status="PASS" starttime="20231108 14:59:20.203" endtime="20231108 14:59:20.203"/>
</kw>
<status status="PASS" starttime="20231108 14:59:19.541" endtime="20231108 14:59:20.203"/>
</kw>
<status status="PASS" starttime="20231108 14:59:12.888" endtime="20231108 14:59:20.203"/>
</test>
<test id="s1-t2" name="Test case - verify when send a PUT request for sponsors with invalid Identity Number" line="24">
<kw name="Create application to make PUT request for Sponsors" library="Common">
<kw name="Create API session" library="API_Preferences">
<kw name="Generate Random String" library="String">
<var>${randomNumber}</var>
<arg>4</arg>
<arg>[NUMBERS]</arg>
<doc>Generates a string with a desired ``length`` from the given ``chars``.</doc>
<msg timestamp="20231108 14:59:20.203" level="INFO">${randomNumber} = 4796</msg>
<status status="PASS" starttime="20231108 14:59:20.203" endtime="20231108 14:59:20.203"/>
</kw>
<kw name="Catenate" library="BuiltIn">
<var>${sessionName}</var>
<arg>session_${randomNumber}</arg>
<doc>Catenates the given items together and returns the resulted string.</doc>
<msg timestamp="20231108 14:59:20.203" level="INFO">${sessionName} = session_4796</msg>
<status status="PASS" starttime="20231108 14:59:20.203" endtime="20231108 14:59:20.203"/>
</kw>
<kw name="Set Global Variable" library="BuiltIn">
<arg>${sessionName}</arg>
<doc>Makes a variable available globally in all tests and suites.</doc>
<msg timestamp="20231108 14:59:20.203" level="INFO">${sessionName} = session_4796</msg>
<status status="PASS" starttime="20231108 14:59:20.203" endtime="20231108 14:59:20.203"/>
</kw>
<kw name="Create Session" library="RequestsLibrary">
<arg>${sessionName}</arg>
<arg>${Base_Url}</arg>
<arg>timeout=30</arg>
<arg>disable_warnings=1</arg>
<doc>Create Session: create a HTTP session to a server</doc>
<msg timestamp="20231108 14:59:20.203" level="INFO">Creating Session using : alias=session_4796, url=http://10.142.4.171:8091/api, headers={},                     cookies={}, auth=None, timeout=30, proxies=None, verify=False,                     debug=0 </msg>
<status status="PASS" starttime="20231108 14:59:20.203" endtime="20231108 14:59:20.203"/>
</kw>
<status status="PASS" starttime="20231108 14:59:20.203" endtime="20231108 14:59:20.203"/>
</kw>
<kw name="Create_Date_Today+2" library="API_Preferences">
<kw name="Get Current Date" library="DateTime">
<var>${TodayDate+2}</var>
<arg>increment=48h</arg>
<arg>result_format=%d-%m-%Y</arg>
<doc>Returns current local or UTC time with an optional increment.</doc>
<msg timestamp="20231108 14:59:20.203" level="INFO">${TodayDate+2} = 10-11-2023</msg>
<status status="PASS" starttime="20231108 14:59:20.203" endtime="20231108 14:59:20.203"/>
</kw>
<kw name="Set Global Variable" library="BuiltIn">
<arg>${TodayDate+2}</arg>
<doc>Makes a variable available globally in all tests and suites.</doc>
<msg timestamp="20231108 14:59:20.203" level="INFO">${TodayDate+2} = 10-11-2023</msg>
<status status="PASS" starttime="20231108 14:59:20.203" endtime="20231108 14:59:20.203"/>
</kw>
<status status="PASS" starttime="20231108 14:59:20.203" endtime="20231108 14:59:20.203"/>
</kw>
<kw name="Evaluate" library="BuiltIn">
<var>${Payload}</var>
<arg>json.dumps({"identityNumber":"${identityNumber}","dateOfBirthMonth":${dateOfBirthMonth},"dateOfBirthYear":${dateOfBirthYear},"policyEffectiveDate":"${TodayDate+2}","isGrantTameeni":True, "recaptchaToken":"True"})</arg>
<doc>Evaluates the given expression in Python and returns the result.</doc>
<msg timestamp="20231108 14:59:20.203" level="INFO">${Payload} = {"identityNumber": "1061246813", "dateOfBirthMonth": 11, "dateOfBirthYear": 1409, "policyEffectiveDate": "10-11-2023", "isGrantTameeni": true, "recaptchaToken": "True"}</msg>
<status status="PASS" starttime="20231108 14:59:20.203" endtime="20231108 14:59:20.203"/>
</kw>
<kw name="Post Request and check response" library="API_Preferences">
<arg>${sessionName}</arg>
<arg>${URI}</arg>
<arg>${Payload}</arg>
<arg>201</arg>
<kw name="Create Dictionary" library="BuiltIn">
<var>${header}</var>
<arg>Content-Type=application/json</arg>
<doc>Creates and returns a dictionary based on the given ``items``.</doc>
<msg timestamp="20231108 14:59:20.203" level="INFO">${header} = {'Content-Type': 'application/json'}</msg>
<status status="PASS" starttime="20231108 14:59:20.203" endtime="20231108 14:59:20.203"/>
</kw>
<kw name="Post Request" library="RequestsLibrary">
<var>${resp}</var>
<arg>${sessionName}</arg>
<arg>${SecondUrl}</arg>
<arg>${body}</arg>
<arg>headers=${header}</arg>
<doc>*DEPRECATED* Please use `POST On Session` instead.</doc>
<msg timestamp="20231108 14:59:20.203" level="WARN">Keyword 'RequestsLibrary.Post Request' is deprecated. Please use `POST On Session` instead.</msg>
<msg timestamp="20231108 14:59:22.560" level="INFO">POST Request : url=http://10.142.4.171:8091/api/Applications 
 path_url=/api/Applications 
 headers={'User-Agent': 'python-requests/2.31.0', 'Accept-Encoding': 'gzip, deflate', 'Accept': '*/*', 'Connection': 'keep-alive', 'Content-Type': 'application/json', 'Content-Length': '168'} 
 body=b'{"identityNumber": "1061246813", "dateOfBirthMonth": 11, "dateOfBirthYear": 1409, "policyEffectiveDate": "10-11-2023", "isGrantTameeni": true, "recaptchaToken": "True"}' 
 </msg>
<msg timestamp="20231108 14:59:22.560" level="INFO">POST Response : url=http://10.142.4.171:8091/api/Applications 
 status=201, reason=Created 
 headers={'Content-Type': 'application/json; charset=utf-8', 'Date': 'Wed, 08 Nov 2023 12:59:27 GMT', 'Server': 'Kestrel', 'Transfer-Encoding': 'chunked'} 
 body={"personInfoResponseModel":{"englishFirstName":"MOHAMMED","englishLastName":"KHAYAT","englishSecondName":"KHALID","englishThirdName":"M","arabicFirstName":"محمد","arabicSecondName":"محمد","arabicThirdName":"خالد","arabicLastName":"خياط","dateOfBirthG":null,"dateOfBirthH":"11-11-1409","nationalityDescAr":"العربية السعودية","nationalityDescEn":"Saudi Arabia","sponsorIdentityNumber":"1061246813"},"applicationReference":"97427136-1a13-40b2-b2d7-90ffdc30bc3a"} 
 </msg>
<msg timestamp="20231108 14:59:22.560" level="INFO">${resp} = &lt;Response [201]&gt;</msg>
<status status="PASS" starttime="20231108 14:59:20.203" endtime="20231108 14:59:22.560"/>
</kw>
<kw name="Set Test Variable" library="BuiltIn">
<arg>${actualResult}</arg>
<arg>${resp.json()}</arg>
<doc>Makes a variable available everywhere within the scope of the current test.</doc>
<msg timestamp="20231108 14:59:22.560" level="INFO">${actualResult} = {'personInfoResponseModel': {'englishFirstName': 'MOHAMMED', 'englishLastName': 'KHAYAT', 'englishSecondName': 'KHALID', 'englishThirdName': 'M', 'arabicFirstName': 'محمد', 'arabicSecondName': 'محمد',...</msg>
<status status="PASS" starttime="20231108 14:59:22.560" endtime="20231108 14:59:22.560"/>
</kw>
<kw name="Should Be Equal As Strings" library="BuiltIn">
<arg>${resp.status_code}</arg>
<arg>${statuscode}</arg>
<doc>Fails if objects are unequal after converting them to strings.</doc>
<msg timestamp="20231108 14:59:22.560" level="INFO">Argument types are:
&lt;class 'int'&gt;
&lt;class 'str'&gt;</msg>
<status status="PASS" starttime="20231108 14:59:22.560" endtime="20231108 14:59:22.560"/>
</kw>
<kw name="Set Test Variable" library="BuiltIn">
<arg>${actualResult}</arg>
<doc>Makes a variable available everywhere within the scope of the current test.</doc>
<msg timestamp="20231108 14:59:22.560" level="INFO">${actualResult} = {'personInfoResponseModel': {'englishFirstName': 'MOHAMMED', 'englishLastName': 'KHAYAT', 'englishSecondName': 'KHALID', 'englishThirdName': 'M', 'arabicFirstName': 'محمد', 'arabicSecondName': 'محمد',...</msg>
<status status="PASS" starttime="20231108 14:59:22.560" endtime="20231108 14:59:22.560"/>
</kw>
<status status="PASS" starttime="20231108 14:59:20.203" endtime="20231108 14:59:22.560"/>
</kw>
<kw name="Set Test Variable" library="BuiltIn">
<arg>${ApplicationRef}</arg>
<arg>${actualResult['applicationReference']}</arg>
<doc>Makes a variable available everywhere within the scope of the current test.</doc>
<msg timestamp="20231108 14:59:22.560" level="INFO">${ApplicationRef} = 97427136-1a13-40b2-b2d7-90ffdc30bc3a</msg>
<status status="PASS" starttime="20231108 14:59:22.560" endtime="20231108 14:59:22.560"/>
</kw>
<status status="PASS" starttime="20231108 14:59:20.203" endtime="20231108 14:59:22.560"/>
</kw>
<kw name="Create API session" library="API_Preferences">
<kw name="Generate Random String" library="String">
<var>${randomNumber}</var>
<arg>4</arg>
<arg>[NUMBERS]</arg>
<doc>Generates a string with a desired ``length`` from the given ``chars``.</doc>
<msg timestamp="20231108 14:59:22.560" level="INFO">${randomNumber} = 4356</msg>
<status status="PASS" starttime="20231108 14:59:22.560" endtime="20231108 14:59:22.560"/>
</kw>
<kw name="Catenate" library="BuiltIn">
<var>${sessionName}</var>
<arg>session_${randomNumber}</arg>
<doc>Catenates the given items together and returns the resulted string.</doc>
<msg timestamp="20231108 14:59:22.560" level="INFO">${sessionName} = session_4356</msg>
<status status="PASS" starttime="20231108 14:59:22.560" endtime="20231108 14:59:22.560"/>
</kw>
<kw name="Set Global Variable" library="BuiltIn">
<arg>${sessionName}</arg>
<doc>Makes a variable available globally in all tests and suites.</doc>
<msg timestamp="20231108 14:59:22.560" level="INFO">${sessionName} = session_4356</msg>
<status status="PASS" starttime="20231108 14:59:22.560" endtime="20231108 14:59:22.560"/>
</kw>
<kw name="Create Session" library="RequestsLibrary">
<arg>${sessionName}</arg>
<arg>${Base_Url}</arg>
<arg>timeout=30</arg>
<arg>disable_warnings=1</arg>
<doc>Create Session: create a HTTP session to a server</doc>
<msg timestamp="20231108 14:59:22.560" level="INFO">Creating Session using : alias=session_4356, url=http://10.142.4.171:8091/api, headers={},                     cookies={}, auth=None, timeout=30, proxies=None, verify=False,                     debug=0 </msg>
<status status="PASS" starttime="20231108 14:59:22.560" endtime="20231108 14:59:22.560"/>
</kw>
<status status="PASS" starttime="20231108 14:59:22.560" endtime="20231108 14:59:22.560"/>
</kw>
<kw name="Evaluate" library="BuiltIn">
<var>${Payload}</var>
<arg>json.dumps({"IdentityNumber":"1061246818","dateOfBirthMonth":${dateOfBirthMonth},"dateOfBirthYear":${dateOfBirthYear},"policyEffectiveDate":"${TodayDate+2}","mobileNumber":"${mobileNumber}"})</arg>
<doc>Evaluates the given expression in Python and returns the result.</doc>
<msg timestamp="20231108 14:59:22.560" level="INFO">${Payload} = {"IdentityNumber": "1061246818", "dateOfBirthMonth": 11, "dateOfBirthYear": 1409, "policyEffectiveDate": "10-11-2023", "mobileNumber": "0552141235"}</msg>
<status status="PASS" starttime="20231108 14:59:22.560" endtime="20231108 14:59:22.560"/>
</kw>
<kw name="Put request and check response with body appears" library="API_Preferences">
<arg>${sessionName}</arg>
<arg>${URI}/${ApplicationRef}/Sponsors</arg>
<arg>${Payload}</arg>
<arg>400</arg>
<kw name="Create Dictionary" library="BuiltIn">
<var>${header}</var>
<arg>Content-Type=application/json</arg>
<doc>Creates and returns a dictionary based on the given ``items``.</doc>
<msg timestamp="20231108 14:59:22.560" level="INFO">${header} = {'Content-Type': 'application/json'}</msg>
<status status="PASS" starttime="20231108 14:59:22.560" endtime="20231108 14:59:22.560"/>
</kw>
<kw name="Put Request" library="RequestsLibrary">
<var>${resp}</var>
<arg>${sessionName}</arg>
<arg>${SecondUrl}</arg>
<arg>${body}</arg>
<arg>headers=${header}</arg>
<doc>*DEPRECATED* Please use `PUT On Session` instead.</doc>
<msg timestamp="20231108 14:59:22.560" level="WARN">Keyword 'RequestsLibrary.Put Request' is deprecated. Please use `PUT On Session` instead.</msg>
<msg timestamp="20231108 14:59:24.419" level="INFO">PUT Request : url=http://10.142.4.171:8091/api/Applications/97427136-1a13-40b2-b2d7-90ffdc30bc3a/Sponsors 
 path_url=/api/Applications/97427136-1a13-40b2-b2d7-90ffdc30bc3a/Sponsors 
 headers={'User-Agent': 'python-requests/2.31.0', 'Accept-Encoding': 'gzip, deflate', 'Accept': '*/*', 'Connection': 'keep-alive', 'Content-Type': 'application/json', 'Content-Length': '148'} 
 body=b'{"IdentityNumber": "1061246818", "dateOfBirthMonth": 11, "dateOfBirthYear": 1409, "policyEffectiveDate": "10-11-2023", "mobileNumber": "0552141235"}' 
 </msg>
<msg timestamp="20231108 14:59:24.419" level="INFO">PUT Response : url=http://10.142.4.171:8091/api/Applications/97427136-1a13-40b2-b2d7-90ffdc30bc3a/Sponsors 
 status=400, reason=Bad Request 
 headers={'Content-Type': 'application/json; charset=utf-8', 'Date': 'Wed, 08 Nov 2023 12:59:29 GMT', 'Server': 'Kestrel', 'Transfer-Encoding': 'chunked'} 
 body={"traceId":null,"errorCode":"DOM001","errors":["Sponsor ID and Date of Birth are wrong or not related please enter correct Data"]} 
 </msg>
<msg timestamp="20231108 14:59:24.419" level="INFO">${resp} = &lt;Response [400]&gt;</msg>
<status status="PASS" starttime="20231108 14:59:22.560" endtime="20231108 14:59:24.419"/>
</kw>
<kw name="Set Test Variable" library="BuiltIn">
<arg>${actualResult}</arg>
<arg>${resp.json()}</arg>
<doc>Makes a variable available everywhere within the scope of the current test.</doc>
<msg timestamp="20231108 14:59:24.420" level="INFO">${actualResult} = {'traceId': None, 'errorCode': 'DOM001', 'errors': ['Sponsor ID and Date of Birth are wrong or not related please enter correct Data']}</msg>
<status status="PASS" starttime="20231108 14:59:24.420" endtime="20231108 14:59:24.420"/>
</kw>
<kw name="Should Be Equal As Strings" library="BuiltIn">
<arg>${resp.status_code}</arg>
<arg>${statuscode}</arg>
<doc>Fails if objects are unequal after converting them to strings.</doc>
<msg timestamp="20231108 14:59:24.421" level="INFO">Argument types are:
&lt;class 'int'&gt;
&lt;class 'str'&gt;</msg>
<status status="PASS" starttime="20231108 14:59:24.421" endtime="20231108 14:59:24.421"/>
</kw>
<kw name="Set Test Variable" library="BuiltIn">
<arg>${actualResult}</arg>
<doc>Makes a variable available everywhere within the scope of the current test.</doc>
<msg timestamp="20231108 14:59:24.422" level="INFO">${actualResult} = {'traceId': None, 'errorCode': 'DOM001', 'errors': ['Sponsor ID and Date of Birth are wrong or not related please enter correct Data']}</msg>
<status status="PASS" starttime="20231108 14:59:24.421" endtime="20231108 14:59:24.422"/>
</kw>
<status status="PASS" starttime="20231108 14:59:22.560" endtime="20231108 14:59:24.422"/>
</kw>
<kw name="Set Test Variable" library="BuiltIn">
<arg>${actualResult}</arg>
<doc>Makes a variable available everywhere within the scope of the current test.</doc>
<msg timestamp="20231108 14:59:24.422" level="INFO">${actualResult} = {'traceId': None, 'errorCode': 'DOM001', 'errors': ['Sponsor ID and Date of Birth are wrong or not related please enter correct Data']}</msg>
<status status="PASS" starttime="20231108 14:59:24.422" endtime="20231108 14:59:24.422"/>
</kw>
<kw name="Verify API Response with when send PUT Request for sponsor with invalid Identity number" library="Keywords_PUT_Sponsors">
<arg>${actualResult}</arg>
<doc>veriy actual resutls</doc>
<kw name="Should Be Equal As Strings" library="BuiltIn">
<arg>${actualResult['errorCode']}</arg>
<arg>DOM001</arg>
<doc>Fails if objects are unequal after converting them to strings.</doc>
<status status="PASS" starttime="20231108 14:59:24.423" endtime="20231108 14:59:24.424"/>
</kw>
<kw name="Should Be Equal As Strings" library="BuiltIn">
<arg>${actualResult['errors']}</arg>
<arg>['Sponsor ID and Date of Birth are wrong or not related please enter correct Data']</arg>
<doc>Fails if objects are unequal after converting them to strings.</doc>
<msg timestamp="20231108 14:59:24.425" level="INFO">Argument types are:
&lt;class 'list'&gt;
&lt;class 'str'&gt;</msg>
<status status="PASS" starttime="20231108 14:59:24.424" endtime="20231108 14:59:24.426"/>
</kw>
<status status="PASS" starttime="20231108 14:59:24.423" endtime="20231108 14:59:24.426"/>
</kw>
<status status="PASS" starttime="20231108 14:59:20.203" endtime="20231108 14:59:24.426"/>
</test>
<test id="s1-t3" name="Test case - verify that when send a PUT request for sponsors with invalid reference number" line="33">
<kw name="Create application to make PUT request for Sponsors" library="Common">
<kw name="Create API session" library="API_Preferences">
<kw name="Generate Random String" library="String">
<var>${randomNumber}</var>
<arg>4</arg>
<arg>[NUMBERS]</arg>
<doc>Generates a string with a desired ``length`` from the given ``chars``.</doc>
<msg timestamp="20231108 14:59:24.427" level="INFO">${randomNumber} = 3998</msg>
<status status="PASS" starttime="20231108 14:59:24.427" endtime="20231108 14:59:24.427"/>
</kw>
<kw name="Catenate" library="BuiltIn">
<var>${sessionName}</var>
<arg>session_${randomNumber}</arg>
<doc>Catenates the given items together and returns the resulted string.</doc>
<msg timestamp="20231108 14:59:24.428" level="INFO">${sessionName} = session_3998</msg>
<status status="PASS" starttime="20231108 14:59:24.428" endtime="20231108 14:59:24.428"/>
</kw>
<kw name="Set Global Variable" library="BuiltIn">
<arg>${sessionName}</arg>
<doc>Makes a variable available globally in all tests and suites.</doc>
<msg timestamp="20231108 14:59:24.428" level="INFO">${sessionName} = session_3998</msg>
<status status="PASS" starttime="20231108 14:59:24.428" endtime="20231108 14:59:24.428"/>
</kw>
<kw name="Create Session" library="RequestsLibrary">
<arg>${sessionName}</arg>
<arg>${Base_Url}</arg>
<arg>timeout=30</arg>
<arg>disable_warnings=1</arg>
<doc>Create Session: create a HTTP session to a server</doc>
<msg timestamp="20231108 14:59:24.428" level="INFO">Creating Session using : alias=session_3998, url=http://10.142.4.171:8091/api, headers={},                     cookies={}, auth=None, timeout=30, proxies=None, verify=False,                     debug=0 </msg>
<status status="PASS" starttime="20231108 14:59:24.428" endtime="20231108 14:59:24.428"/>
</kw>
<status status="PASS" starttime="20231108 14:59:24.427" endtime="20231108 14:59:24.428"/>
</kw>
<kw name="Create_Date_Today+2" library="API_Preferences">
<kw name="Get Current Date" library="DateTime">
<var>${TodayDate+2}</var>
<arg>increment=48h</arg>
<arg>result_format=%d-%m-%Y</arg>
<doc>Returns current local or UTC time with an optional increment.</doc>
<msg timestamp="20231108 14:59:24.429" level="INFO">${TodayDate+2} = 10-11-2023</msg>
<status status="PASS" starttime="20231108 14:59:24.429" endtime="20231108 14:59:24.429"/>
</kw>
<kw name="Set Global Variable" library="BuiltIn">
<arg>${TodayDate+2}</arg>
<doc>Makes a variable available globally in all tests and suites.</doc>
<msg timestamp="20231108 14:59:24.429" level="INFO">${TodayDate+2} = 10-11-2023</msg>
<status status="PASS" starttime="20231108 14:59:24.429" endtime="20231108 14:59:24.429"/>
</kw>
<status status="PASS" starttime="20231108 14:59:24.428" endtime="20231108 14:59:24.429"/>
</kw>
<kw name="Evaluate" library="BuiltIn">
<var>${Payload}</var>
<arg>json.dumps({"identityNumber":"${identityNumber}","dateOfBirthMonth":${dateOfBirthMonth},"dateOfBirthYear":${dateOfBirthYear},"policyEffectiveDate":"${TodayDate+2}","isGrantTameeni":True, "recaptchaToken":"True"})</arg>
<doc>Evaluates the given expression in Python and returns the result.</doc>
<msg timestamp="20231108 14:59:24.429" level="INFO">${Payload} = {"identityNumber": "1061246813", "dateOfBirthMonth": 11, "dateOfBirthYear": 1409, "policyEffectiveDate": "10-11-2023", "isGrantTameeni": true, "recaptchaToken": "True"}</msg>
<status status="PASS" starttime="20231108 14:59:24.429" endtime="20231108 14:59:24.429"/>
</kw>
<kw name="Post Request and check response" library="API_Preferences">
<arg>${sessionName}</arg>
<arg>${URI}</arg>
<arg>${Payload}</arg>
<arg>201</arg>
<kw name="Create Dictionary" library="BuiltIn">
<var>${header}</var>
<arg>Content-Type=application/json</arg>
<doc>Creates and returns a dictionary based on the given ``items``.</doc>
<msg timestamp="20231108 14:59:24.430" level="INFO">${header} = {'Content-Type': 'application/json'}</msg>
<status status="PASS" starttime="20231108 14:59:24.429" endtime="20231108 14:59:24.430"/>
</kw>
<kw name="Post Request" library="RequestsLibrary">
<var>${resp}</var>
<arg>${sessionName}</arg>
<arg>${SecondUrl}</arg>
<arg>${body}</arg>
<arg>headers=${header}</arg>
<doc>*DEPRECATED* Please use `POST On Session` instead.</doc>
<msg timestamp="20231108 14:59:24.430" level="WARN">Keyword 'RequestsLibrary.Post Request' is deprecated. Please use `POST On Session` instead.</msg>
<msg timestamp="20231108 14:59:26.841" level="INFO">POST Request : url=http://10.142.4.171:8091/api/Applications 
 path_url=/api/Applications 
 headers={'User-Agent': 'python-requests/2.31.0', 'Accept-Encoding': 'gzip, deflate', 'Accept': '*/*', 'Connection': 'keep-alive', 'Content-Type': 'application/json', 'Content-Length': '168'} 
 body=b'{"identityNumber": "1061246813", "dateOfBirthMonth": 11, "dateOfBirthYear": 1409, "policyEffectiveDate": "10-11-2023", "isGrantTameeni": true, "recaptchaToken": "True"}' 
 </msg>
<msg timestamp="20231108 14:59:26.841" level="INFO">POST Response : url=http://10.142.4.171:8091/api/Applications 
 status=201, reason=Created 
 headers={'Content-Type': 'application/json; charset=utf-8', 'Date': 'Wed, 08 Nov 2023 12:59:31 GMT', 'Server': 'Kestrel', 'Transfer-Encoding': 'chunked'} 
 body={"personInfoResponseModel":{"englishFirstName":"MOHAMMED","englishLastName":"KHAYAT","englishSecondName":"KHALID","englishThirdName":"M","arabicFirstName":"محمد","arabicSecondName":"محمد","arabicThirdName":"خالد","arabicLastName":"خياط","dateOfBirthG":null,"dateOfBirthH":"11-11-1409","nationalityDescAr":"العربية السعودية","nationalityDescEn":"Saudi Arabia","sponsorIdentityNumber":"1061246813"},"applicationReference":"6563eb1b-5456-4b90-ba12-b94697e62f53"} 
 </msg>
<msg timestamp="20231108 14:59:26.841" level="INFO">${resp} = &lt;Response [201]&gt;</msg>
<status status="PASS" starttime="20231108 14:59:24.430" endtime="20231108 14:59:26.841"/>
</kw>
<kw name="Set Test Variable" library="BuiltIn">
<arg>${actualResult}</arg>
<arg>${resp.json()}</arg>
<doc>Makes a variable available everywhere within the scope of the current test.</doc>
<msg timestamp="20231108 14:59:26.843" level="INFO">${actualResult} = {'personInfoResponseModel': {'englishFirstName': 'MOHAMMED', 'englishLastName': 'KHAYAT', 'englishSecondName': 'KHALID', 'englishThirdName': 'M', 'arabicFirstName': 'محمد', 'arabicSecondName': 'محمد',...</msg>
<status status="PASS" starttime="20231108 14:59:26.841" endtime="20231108 14:59:26.843"/>
</kw>
<kw name="Should Be Equal As Strings" library="BuiltIn">
<arg>${resp.status_code}</arg>
<arg>${statuscode}</arg>
<doc>Fails if objects are unequal after converting them to strings.</doc>
<msg timestamp="20231108 14:59:26.845" level="INFO">Argument types are:
&lt;class 'int'&gt;
&lt;class 'str'&gt;</msg>
<status status="PASS" starttime="20231108 14:59:26.844" endtime="20231108 14:59:26.845"/>
</kw>
<kw name="Set Test Variable" library="BuiltIn">
<arg>${actualResult}</arg>
<doc>Makes a variable available everywhere within the scope of the current test.</doc>
<msg timestamp="20231108 14:59:26.846" level="INFO">${actualResult} = {'personInfoResponseModel': {'englishFirstName': 'MOHAMMED', 'englishLastName': 'KHAYAT', 'englishSecondName': 'KHALID', 'englishThirdName': 'M', 'arabicFirstName': 'محمد', 'arabicSecondName': 'محمد',...</msg>
<status status="PASS" starttime="20231108 14:59:26.846" endtime="20231108 14:59:26.846"/>
</kw>
<status status="PASS" starttime="20231108 14:59:24.429" endtime="20231108 14:59:26.847"/>
</kw>
<kw name="Set Test Variable" library="BuiltIn">
<arg>${ApplicationRef}</arg>
<arg>${actualResult['applicationReference']}</arg>
<doc>Makes a variable available everywhere within the scope of the current test.</doc>
<msg timestamp="20231108 14:59:26.849" level="INFO">${ApplicationRef} = 6563eb1b-5456-4b90-ba12-b94697e62f53</msg>
<status status="PASS" starttime="20231108 14:59:26.847" endtime="20231108 14:59:26.849"/>
</kw>
<status status="PASS" starttime="20231108 14:59:24.427" endtime="20231108 14:59:26.849"/>
</kw>
<kw name="Create API session" library="API_Preferences">
<kw name="Generate Random String" library="String">
<var>${randomNumber}</var>
<arg>4</arg>
<arg>[NUMBERS]</arg>
<doc>Generates a string with a desired ``length`` from the given ``chars``.</doc>
<msg timestamp="20231108 14:59:26.849" level="INFO">${randomNumber} = 2501</msg>
<status status="PASS" starttime="20231108 14:59:26.849" endtime="20231108 14:59:26.849"/>
</kw>
<kw name="Catenate" library="BuiltIn">
<var>${sessionName}</var>
<arg>session_${randomNumber}</arg>
<doc>Catenates the given items together and returns the resulted string.</doc>
<msg timestamp="20231108 14:59:26.849" level="INFO">${sessionName} = session_2501</msg>
<status status="PASS" starttime="20231108 14:59:26.849" endtime="20231108 14:59:26.849"/>
</kw>
<kw name="Set Global Variable" library="BuiltIn">
<arg>${sessionName}</arg>
<doc>Makes a variable available globally in all tests and suites.</doc>
<msg timestamp="20231108 14:59:26.850" level="INFO">${sessionName} = session_2501</msg>
<status status="PASS" starttime="20231108 14:59:26.849" endtime="20231108 14:59:26.850"/>
</kw>
<kw name="Create Session" library="RequestsLibrary">
<arg>${sessionName}</arg>
<arg>${Base_Url}</arg>
<arg>timeout=30</arg>
<arg>disable_warnings=1</arg>
<doc>Create Session: create a HTTP session to a server</doc>
<msg timestamp="20231108 14:59:26.850" level="INFO">Creating Session using : alias=session_2501, url=http://10.142.4.171:8091/api, headers={},                     cookies={}, auth=None, timeout=30, proxies=None, verify=False,                     debug=0 </msg>
<status status="PASS" starttime="20231108 14:59:26.850" endtime="20231108 14:59:26.850"/>
</kw>
<status status="PASS" starttime="20231108 14:59:26.849" endtime="20231108 14:59:26.850"/>
</kw>
<kw name="Evaluate" library="BuiltIn">
<var>${Payload}</var>
<arg>json.dumps({"IdentityNumber":"${identityNumber}","dateOfBirthMonth":${dateOfBirthMonth},"dateOfBirthYear":${dateOfBirthYear},"policyEffectiveDate":"${TodayDate+2}","mobileNumber":"${mobileNumber}"})</arg>
<doc>Evaluates the given expression in Python and returns the result.</doc>
<msg timestamp="20231108 14:59:26.851" level="INFO">${Payload} = {"IdentityNumber": "1061246813", "dateOfBirthMonth": 11, "dateOfBirthYear": 1409, "policyEffectiveDate": "10-11-2023", "mobileNumber": "0552141235"}</msg>
<status status="PASS" starttime="20231108 14:59:26.850" endtime="20231108 14:59:26.851"/>
</kw>
<kw name="Put request and check response with body appears" library="API_Preferences">
<arg>${sessionName}</arg>
<arg>${URI}/1b329b7f-2b91-4ab8-9ffb-e3cc356402c/Sponsors</arg>
<arg>${Payload}</arg>
<arg>404</arg>
<kw name="Create Dictionary" library="BuiltIn">
<var>${header}</var>
<arg>Content-Type=application/json</arg>
<doc>Creates and returns a dictionary based on the given ``items``.</doc>
<msg timestamp="20231108 14:59:26.851" level="INFO">${header} = {'Content-Type': 'application/json'}</msg>
<status status="PASS" starttime="20231108 14:59:26.851" endtime="20231108 14:59:26.851"/>
</kw>
<kw name="Put Request" library="RequestsLibrary">
<var>${resp}</var>
<arg>${sessionName}</arg>
<arg>${SecondUrl}</arg>
<arg>${body}</arg>
<arg>headers=${header}</arg>
<doc>*DEPRECATED* Please use `PUT On Session` instead.</doc>
<msg timestamp="20231108 14:59:26.852" level="WARN">Keyword 'RequestsLibrary.Put Request' is deprecated. Please use `PUT On Session` instead.</msg>
<msg timestamp="20231108 14:59:27.317" level="INFO">PUT Request : url=http://10.142.4.171:8091/api/Applications/1b329b7f-2b91-4ab8-9ffb-e3cc356402c/Sponsors 
 path_url=/api/Applications/1b329b7f-2b91-4ab8-9ffb-e3cc356402c/Sponsors 
 headers={'User-Agent': 'python-requests/2.31.0', 'Accept-Encoding': 'gzip, deflate', 'Accept': '*/*', 'Connection': 'keep-alive', 'Content-Type': 'application/json', 'Content-Length': '148'} 
 body=b'{"IdentityNumber": "1061246813", "dateOfBirthMonth": 11, "dateOfBirthYear": 1409, "policyEffectiveDate": "10-11-2023", "mobileNumber": "0552141235"}' 
 </msg>
<msg timestamp="20231108 14:59:27.317" level="INFO">PUT Response : url=http://10.142.4.171:8091/api/Applications/1b329b7f-2b91-4ab8-9ffb-e3cc356402c/Sponsors 
 status=404, reason=Not Found 
 headers={'Content-Type': 'application/json; charset=utf-8', 'Date': 'Wed, 08 Nov 2023 12:59:32 GMT', 'Server': 'Kestrel', 'Transfer-Encoding': 'chunked'} 
 body={"traceId":null,"errorCode":"DOMApp001","errors":["Application not found"]} 
 </msg>
<msg timestamp="20231108 14:59:27.317" level="INFO">${resp} = &lt;Response [404]&gt;</msg>
<status status="PASS" starttime="20231108 14:59:26.852" endtime="20231108 14:59:27.317"/>
</kw>
<kw name="Set Test Variable" library="BuiltIn">
<arg>${actualResult}</arg>
<arg>${resp.json()}</arg>
<doc>Makes a variable available everywhere within the scope of the current test.</doc>
<msg timestamp="20231108 14:59:27.319" level="INFO">${actualResult} = {'traceId': None, 'errorCode': 'DOMApp001', 'errors': ['Application not found']}</msg>
<status status="PASS" starttime="20231108 14:59:27.318" endtime="20231108 14:59:27.319"/>
</kw>
<kw name="Should Be Equal As Strings" library="BuiltIn">
<arg>${resp.status_code}</arg>
<arg>${statuscode}</arg>
<doc>Fails if objects are unequal after converting them to strings.</doc>
<msg timestamp="20231108 14:59:27.319" level="INFO">Argument types are:
&lt;class 'int'&gt;
&lt;class 'str'&gt;</msg>
<status status="PASS" starttime="20231108 14:59:27.319" endtime="20231108 14:59:27.319"/>
</kw>
<kw name="Set Test Variable" library="BuiltIn">
<arg>${actualResult}</arg>
<doc>Makes a variable available everywhere within the scope of the current test.</doc>
<msg timestamp="20231108 14:59:27.320" level="INFO">${actualResult} = {'traceId': None, 'errorCode': 'DOMApp001', 'errors': ['Application not found']}</msg>
<status status="PASS" starttime="20231108 14:59:27.320" endtime="20231108 14:59:27.320"/>
</kw>
<status status="PASS" starttime="20231108 14:59:26.851" endtime="20231108 14:59:27.320"/>
</kw>
<kw name="Set Test Variable" library="BuiltIn">
<arg>${actualResult}</arg>
<doc>Makes a variable available everywhere within the scope of the current test.</doc>
<msg timestamp="20231108 14:59:27.321" level="INFO">${actualResult} = {'traceId': None, 'errorCode': 'DOMApp001', 'errors': ['Application not found']}</msg>
<status status="PASS" starttime="20231108 14:59:27.321" endtime="20231108 14:59:27.321"/>
</kw>
<kw name="Verify API Response with when send PUT Request for sponsor with invalid application reference" library="Keywords_PUT_Sponsors">
<arg>${actualResult}</arg>
<doc>veriy actual resutls</doc>
<kw name="Should Be Equal As Strings" library="BuiltIn">
<arg>${actualResult['errorCode']}</arg>
<arg>DOMApp001</arg>
<doc>Fails if objects are unequal after converting them to strings.</doc>
<status status="PASS" starttime="20231108 14:59:27.321" endtime="20231108 14:59:27.322"/>
</kw>
<kw name="Should Be Equal As Strings" library="BuiltIn">
<arg>${actualResult['errors']}</arg>
<arg>['Application not found']</arg>
<doc>Fails if objects are unequal after converting them to strings.</doc>
<msg timestamp="20231108 14:59:27.322" level="INFO">Argument types are:
&lt;class 'list'&gt;
&lt;class 'str'&gt;</msg>
<status status="PASS" starttime="20231108 14:59:27.322" endtime="20231108 14:59:27.322"/>
</kw>
<status status="PASS" starttime="20231108 14:59:27.321" endtime="20231108 14:59:27.322"/>
</kw>
<status status="PASS" starttime="20231108 14:59:24.427" endtime="20231108 14:59:27.322"/>
</test>
<test id="s1-t4" name="Test case - verify that when send a PUT request for sponsors with identity number not mach the minimum lengh" line="42">
<kw name="Create application to make PUT request for Sponsors" library="Common">
<kw name="Create API session" library="API_Preferences">
<kw name="Generate Random String" library="String">
<var>${randomNumber}</var>
<arg>4</arg>
<arg>[NUMBERS]</arg>
<doc>Generates a string with a desired ``length`` from the given ``chars``.</doc>
<msg timestamp="20231108 14:59:27.324" level="INFO">${randomNumber} = 0130</msg>
<status status="PASS" starttime="20231108 14:59:27.324" endtime="20231108 14:59:27.324"/>
</kw>
<kw name="Catenate" library="BuiltIn">
<var>${sessionName}</var>
<arg>session_${randomNumber}</arg>
<doc>Catenates the given items together and returns the resulted string.</doc>
<msg timestamp="20231108 14:59:27.324" level="INFO">${sessionName} = session_0130</msg>
<status status="PASS" starttime="20231108 14:59:27.324" endtime="20231108 14:59:27.324"/>
</kw>
<kw name="Set Global Variable" library="BuiltIn">
<arg>${sessionName}</arg>
<doc>Makes a variable available globally in all tests and suites.</doc>
<msg timestamp="20231108 14:59:27.324" level="INFO">${sessionName} = session_0130</msg>
<status status="PASS" starttime="20231108 14:59:27.324" endtime="20231108 14:59:27.324"/>
</kw>
<kw name="Create Session" library="RequestsLibrary">
<arg>${sessionName}</arg>
<arg>${Base_Url}</arg>
<arg>timeout=30</arg>
<arg>disable_warnings=1</arg>
<doc>Create Session: create a HTTP session to a server</doc>
<msg timestamp="20231108 14:59:27.324" level="INFO">Creating Session using : alias=session_0130, url=http://10.142.4.171:8091/api, headers={},                     cookies={}, auth=None, timeout=30, proxies=None, verify=False,                     debug=0 </msg>
<status status="PASS" starttime="20231108 14:59:27.324" endtime="20231108 14:59:27.325"/>
</kw>
<status status="PASS" starttime="20231108 14:59:27.323" endtime="20231108 14:59:27.325"/>
</kw>
<kw name="Create_Date_Today+2" library="API_Preferences">
<kw name="Get Current Date" library="DateTime">
<var>${TodayDate+2}</var>
<arg>increment=48h</arg>
<arg>result_format=%d-%m-%Y</arg>
<doc>Returns current local or UTC time with an optional increment.</doc>
<msg timestamp="20231108 14:59:27.325" level="INFO">${TodayDate+2} = 10-11-2023</msg>
<status status="PASS" starttime="20231108 14:59:27.325" endtime="20231108 14:59:27.325"/>
</kw>
<kw name="Set Global Variable" library="BuiltIn">
<arg>${TodayDate+2}</arg>
<doc>Makes a variable available globally in all tests and suites.</doc>
<msg timestamp="20231108 14:59:27.325" level="INFO">${TodayDate+2} = 10-11-2023</msg>
<status status="PASS" starttime="20231108 14:59:27.325" endtime="20231108 14:59:27.325"/>
</kw>
<status status="PASS" starttime="20231108 14:59:27.325" endtime="20231108 14:59:27.326"/>
</kw>
<kw name="Evaluate" library="BuiltIn">
<var>${Payload}</var>
<arg>json.dumps({"identityNumber":"${identityNumber}","dateOfBirthMonth":${dateOfBirthMonth},"dateOfBirthYear":${dateOfBirthYear},"policyEffectiveDate":"${TodayDate+2}","isGrantTameeni":True, "recaptchaToken":"True"})</arg>
<doc>Evaluates the given expression in Python and returns the result.</doc>
<msg timestamp="20231108 14:59:27.326" level="INFO">${Payload} = {"identityNumber": "1061246813", "dateOfBirthMonth": 11, "dateOfBirthYear": 1409, "policyEffectiveDate": "10-11-2023", "isGrantTameeni": true, "recaptchaToken": "True"}</msg>
<status status="PASS" starttime="20231108 14:59:27.326" endtime="20231108 14:59:27.326"/>
</kw>
<kw name="Post Request and check response" library="API_Preferences">
<arg>${sessionName}</arg>
<arg>${URI}</arg>
<arg>${Payload}</arg>
<arg>201</arg>
<kw name="Create Dictionary" library="BuiltIn">
<var>${header}</var>
<arg>Content-Type=application/json</arg>
<doc>Creates and returns a dictionary based on the given ``items``.</doc>
<msg timestamp="20231108 14:59:27.326" level="INFO">${header} = {'Content-Type': 'application/json'}</msg>
<status status="PASS" starttime="20231108 14:59:27.326" endtime="20231108 14:59:27.327"/>
</kw>
<kw name="Post Request" library="RequestsLibrary">
<var>${resp}</var>
<arg>${sessionName}</arg>
<arg>${SecondUrl}</arg>
<arg>${body}</arg>
<arg>headers=${header}</arg>
<doc>*DEPRECATED* Please use `POST On Session` instead.</doc>
<msg timestamp="20231108 14:59:27.327" level="WARN">Keyword 'RequestsLibrary.Post Request' is deprecated. Please use `POST On Session` instead.</msg>
<msg timestamp="20231108 14:59:30.005" level="INFO">POST Request : url=http://10.142.4.171:8091/api/Applications 
 path_url=/api/Applications 
 headers={'User-Agent': 'python-requests/2.31.0', 'Accept-Encoding': 'gzip, deflate', 'Accept': '*/*', 'Connection': 'keep-alive', 'Content-Type': 'application/json', 'Content-Length': '168'} 
 body=b'{"identityNumber": "1061246813", "dateOfBirthMonth": 11, "dateOfBirthYear": 1409, "policyEffectiveDate": "10-11-2023", "isGrantTameeni": true, "recaptchaToken": "True"}' 
 </msg>
<msg timestamp="20231108 14:59:30.005" level="INFO">POST Response : url=http://10.142.4.171:8091/api/Applications 
 status=201, reason=Created 
 headers={'Content-Type': 'application/json; charset=utf-8', 'Date': 'Wed, 08 Nov 2023 12:59:35 GMT', 'Server': 'Kestrel', 'Transfer-Encoding': 'chunked'} 
 body={"personInfoResponseModel":{"englishFirstName":"MOHAMMED","englishLastName":"KHAYAT","englishSecondName":"KHALID","englishThirdName":"M","arabicFirstName":"محمد","arabicSecondName":"محمد","arabicThirdName":"خالد","arabicLastName":"خياط","dateOfBirthG":null,"dateOfBirthH":"11-11-1409","nationalityDescAr":"العربية السعودية","nationalityDescEn":"Saudi Arabia","sponsorIdentityNumber":"1061246813"},"applicationReference":"5c876a4c-1e47-418d-a52b-3be374d05fbf"} 
 </msg>
<msg timestamp="20231108 14:59:30.005" level="INFO">${resp} = &lt;Response [201]&gt;</msg>
<status status="PASS" starttime="20231108 14:59:27.327" endtime="20231108 14:59:30.005"/>
</kw>
<kw name="Set Test Variable" library="BuiltIn">
<arg>${actualResult}</arg>
<arg>${resp.json()}</arg>
<doc>Makes a variable available everywhere within the scope of the current test.</doc>
<msg timestamp="20231108 14:59:30.006" level="INFO">${actualResult} = {'personInfoResponseModel': {'englishFirstName': 'MOHAMMED', 'englishLastName': 'KHAYAT', 'englishSecondName': 'KHALID', 'englishThirdName': 'M', 'arabicFirstName': 'محمد', 'arabicSecondName': 'محمد',...</msg>
<status status="PASS" starttime="20231108 14:59:30.005" endtime="20231108 14:59:30.006"/>
</kw>
<kw name="Should Be Equal As Strings" library="BuiltIn">
<arg>${resp.status_code}</arg>
<arg>${statuscode}</arg>
<doc>Fails if objects are unequal after converting them to strings.</doc>
<msg timestamp="20231108 14:59:30.007" level="INFO">Argument types are:
&lt;class 'int'&gt;
&lt;class 'str'&gt;</msg>
<status status="PASS" starttime="20231108 14:59:30.006" endtime="20231108 14:59:30.007"/>
</kw>
<kw name="Set Test Variable" library="BuiltIn">
<arg>${actualResult}</arg>
<doc>Makes a variable available everywhere within the scope of the current test.</doc>
<msg timestamp="20231108 14:59:30.007" level="INFO">${actualResult} = {'personInfoResponseModel': {'englishFirstName': 'MOHAMMED', 'englishLastName': 'KHAYAT', 'englishSecondName': 'KHALID', 'englishThirdName': 'M', 'arabicFirstName': 'محمد', 'arabicSecondName': 'محمد',...</msg>
<status status="PASS" starttime="20231108 14:59:30.007" endtime="20231108 14:59:30.007"/>
</kw>
<status status="PASS" starttime="20231108 14:59:27.326" endtime="20231108 14:59:30.007"/>
</kw>
<kw name="Set Test Variable" library="BuiltIn">
<arg>${ApplicationRef}</arg>
<arg>${actualResult['applicationReference']}</arg>
<doc>Makes a variable available everywhere within the scope of the current test.</doc>
<msg timestamp="20231108 14:59:30.008" level="INFO">${ApplicationRef} = 5c876a4c-1e47-418d-a52b-3be374d05fbf</msg>
<status status="PASS" starttime="20231108 14:59:30.007" endtime="20231108 14:59:30.008"/>
</kw>
<status status="PASS" starttime="20231108 14:59:27.323" endtime="20231108 14:59:30.008"/>
</kw>
<kw name="Create API session" library="API_Preferences">
<kw name="Generate Random String" library="String">
<var>${randomNumber}</var>
<arg>4</arg>
<arg>[NUMBERS]</arg>
<doc>Generates a string with a desired ``length`` from the given ``chars``.</doc>
<msg timestamp="20231108 14:59:30.009" level="INFO">${randomNumber} = 8698</msg>
<status status="PASS" starttime="20231108 14:59:30.008" endtime="20231108 14:59:30.009"/>
</kw>
<kw name="Catenate" library="BuiltIn">
<var>${sessionName}</var>
<arg>session_${randomNumber}</arg>
<doc>Catenates the given items together and returns the resulted string.</doc>
<msg timestamp="20231108 14:59:30.009" level="INFO">${sessionName} = session_8698</msg>
<status status="PASS" starttime="20231108 14:59:30.009" endtime="20231108 14:59:30.009"/>
</kw>
<kw name="Set Global Variable" library="BuiltIn">
<arg>${sessionName}</arg>
<doc>Makes a variable available globally in all tests and suites.</doc>
<msg timestamp="20231108 14:59:30.009" level="INFO">${sessionName} = session_8698</msg>
<status status="PASS" starttime="20231108 14:59:30.009" endtime="20231108 14:59:30.009"/>
</kw>
<kw name="Create Session" library="RequestsLibrary">
<arg>${sessionName}</arg>
<arg>${Base_Url}</arg>
<arg>timeout=30</arg>
<arg>disable_warnings=1</arg>
<doc>Create Session: create a HTTP session to a server</doc>
<msg timestamp="20231108 14:59:30.009" level="INFO">Creating Session using : alias=session_8698, url=http://10.142.4.171:8091/api, headers={},                     cookies={}, auth=None, timeout=30, proxies=None, verify=False,                     debug=0 </msg>
<status status="PASS" starttime="20231108 14:59:30.009" endtime="20231108 14:59:30.009"/>
</kw>
<status status="PASS" starttime="20231108 14:59:30.008" endtime="20231108 14:59:30.009"/>
</kw>
<kw name="Evaluate" library="BuiltIn">
<var>${Payload}</var>
<arg>json.dumps({"IdentityNumber":"106124681","dateOfBirthMonth":${dateOfBirthMonth},"dateOfBirthYear":${dateOfBirthYear},"policyEffectiveDate":"${TodayDate+2}","mobileNumber":"${mobileNumber}"})</arg>
<doc>Evaluates the given expression in Python and returns the result.</doc>
<msg timestamp="20231108 14:59:30.010" level="INFO">${Payload} = {"IdentityNumber": "106124681", "dateOfBirthMonth": 11, "dateOfBirthYear": 1409, "policyEffectiveDate": "10-11-2023", "mobileNumber": "0552141235"}</msg>
<status status="PASS" starttime="20231108 14:59:30.009" endtime="20231108 14:59:30.010"/>
</kw>
<kw name="Put request and check response with body appears" library="API_Preferences">
<arg>${sessionName}</arg>
<arg>${URI}/${ApplicationRef}/Sponsors</arg>
<arg>${Payload}</arg>
<arg>422</arg>
<kw name="Create Dictionary" library="BuiltIn">
<var>${header}</var>
<arg>Content-Type=application/json</arg>
<doc>Creates and returns a dictionary based on the given ``items``.</doc>
<msg timestamp="20231108 14:59:30.010" level="INFO">${header} = {'Content-Type': 'application/json'}</msg>
<status status="PASS" starttime="20231108 14:59:30.010" endtime="20231108 14:59:30.010"/>
</kw>
<kw name="Put Request" library="RequestsLibrary">
<var>${resp}</var>
<arg>${sessionName}</arg>
<arg>${SecondUrl}</arg>
<arg>${body}</arg>
<arg>headers=${header}</arg>
<doc>*DEPRECATED* Please use `PUT On Session` instead.</doc>
<msg timestamp="20231108 14:59:30.010" level="WARN">Keyword 'RequestsLibrary.Put Request' is deprecated. Please use `PUT On Session` instead.</msg>
<msg timestamp="20231108 14:59:30.668" level="INFO">PUT Request : url=http://10.142.4.171:8091/api/Applications/5c876a4c-1e47-418d-a52b-3be374d05fbf/Sponsors 
 path_url=/api/Applications/5c876a4c-1e47-418d-a52b-3be374d05fbf/Sponsors 
 headers={'User-Agent': 'python-requests/2.31.0', 'Accept-Encoding': 'gzip, deflate', 'Accept': '*/*', 'Connection': 'keep-alive', 'Content-Type': 'application/json', 'Content-Length': '147'} 
 body=b'{"IdentityNumber": "106124681", "dateOfBirthMonth": 11, "dateOfBirthYear": 1409, "policyEffectiveDate": "10-11-2023", "mobileNumber": "0552141235"}' 
 </msg>
<msg timestamp="20231108 14:59:30.669" level="INFO">PUT Response : url=http://10.142.4.171:8091/api/Applications/5c876a4c-1e47-418d-a52b-3be374d05fbf/Sponsors 
 status=422, reason=Unprocessable Entity 
 headers={'Content-Type': 'application/json; charset=utf-8', 'Date': 'Wed, 08 Nov 2023 12:59:35 GMT', 'Server': 'Kestrel', 'Transfer-Encoding': 'chunked'} 
 body={"traceId":null,"errorCode":"ValidationErrorCode","errors":["Minimum Length IdentityNumber is  10 Number"]} 
 </msg>
<msg timestamp="20231108 14:59:30.669" level="INFO">${resp} = &lt;Response [422]&gt;</msg>
<status status="PASS" starttime="20231108 14:59:30.010" endtime="20231108 14:59:30.669"/>
</kw>
<kw name="Set Test Variable" library="BuiltIn">
<arg>${actualResult}</arg>
<arg>${resp.json()}</arg>
<doc>Makes a variable available everywhere within the scope of the current test.</doc>
<msg timestamp="20231108 14:59:30.670" level="INFO">${actualResult} = {'traceId': None, 'errorCode': 'ValidationErrorCode', 'errors': ['Minimum Length IdentityNumber is  10 Number']}</msg>
<status status="PASS" starttime="20231108 14:59:30.669" endtime="20231108 14:59:30.670"/>
</kw>
<kw name="Should Be Equal As Strings" library="BuiltIn">
<arg>${resp.status_code}</arg>
<arg>${statuscode}</arg>
<doc>Fails if objects are unequal after converting them to strings.</doc>
<msg timestamp="20231108 14:59:30.670" level="INFO">Argument types are:
&lt;class 'int'&gt;
&lt;class 'str'&gt;</msg>
<status status="PASS" starttime="20231108 14:59:30.670" endtime="20231108 14:59:30.670"/>
</kw>
<kw name="Set Test Variable" library="BuiltIn">
<arg>${actualResult}</arg>
<doc>Makes a variable available everywhere within the scope of the current test.</doc>
<msg timestamp="20231108 14:59:30.671" level="INFO">${actualResult} = {'traceId': None, 'errorCode': 'ValidationErrorCode', 'errors': ['Minimum Length IdentityNumber is  10 Number']}</msg>
<status status="PASS" starttime="20231108 14:59:30.670" endtime="20231108 14:59:30.671"/>
</kw>
<status status="PASS" starttime="20231108 14:59:30.010" endtime="20231108 14:59:30.671"/>
</kw>
<kw name="Set Test Variable" library="BuiltIn">
<arg>${actualResult}</arg>
<doc>Makes a variable available everywhere within the scope of the current test.</doc>
<msg timestamp="20231108 14:59:30.671" level="INFO">${actualResult} = {'traceId': None, 'errorCode': 'ValidationErrorCode', 'errors': ['Minimum Length IdentityNumber is  10 Number']}</msg>
<status status="PASS" starttime="20231108 14:59:30.671" endtime="20231108 14:59:30.671"/>
</kw>
<kw name="Verify API Response with when send PUT Request for sponsor with invalid data" library="Keywords_PUT_Sponsors">
<arg>${actualResult}</arg>
<doc>veriy actual resutls</doc>
<kw name="Should Be Equal As Strings" library="BuiltIn">
<arg>${actualResult['errorCode']}</arg>
<arg>ValidationErrorCode</arg>
<doc>Fails if objects are unequal after converting them to strings.</doc>
<status status="PASS" starttime="20231108 14:59:30.672" endtime="20231108 14:59:30.672"/>
</kw>
<status status="PASS" starttime="20231108 14:59:30.671" endtime="20231108 14:59:30.672"/>
</kw>
<status status="PASS" starttime="20231108 14:59:27.323" endtime="20231108 14:59:30.672"/>
</test>
<test id="s1-t5" name="Test case - verify that when send a PUT request for sponsors with identity number with special characters" line="50">
<kw name="Create application to make PUT request for Sponsors" library="Common">
<kw name="Create API session" library="API_Preferences">
<kw name="Generate Random String" library="String">
<var>${randomNumber}</var>
<arg>4</arg>
<arg>[NUMBERS]</arg>
<doc>Generates a string with a desired ``length`` from the given ``chars``.</doc>
<msg timestamp="20231108 14:59:30.673" level="INFO">${randomNumber} = 2483</msg>
<status status="PASS" starttime="20231108 14:59:30.673" endtime="20231108 14:59:30.673"/>
</kw>
<kw name="Catenate" library="BuiltIn">
<var>${sessionName}</var>
<arg>session_${randomNumber}</arg>
<doc>Catenates the given items together and returns the resulted string.</doc>
<msg timestamp="20231108 14:59:30.674" level="INFO">${sessionName} = session_2483</msg>
<status status="PASS" starttime="20231108 14:59:30.673" endtime="20231108 14:59:30.674"/>
</kw>
<kw name="Set Global Variable" library="BuiltIn">
<arg>${sessionName}</arg>
<doc>Makes a variable available globally in all tests and suites.</doc>
<msg timestamp="20231108 14:59:30.674" level="INFO">${sessionName} = session_2483</msg>
<status status="PASS" starttime="20231108 14:59:30.674" endtime="20231108 14:59:30.674"/>
</kw>
<kw name="Create Session" library="RequestsLibrary">
<arg>${sessionName}</arg>
<arg>${Base_Url}</arg>
<arg>timeout=30</arg>
<arg>disable_warnings=1</arg>
<doc>Create Session: create a HTTP session to a server</doc>
<msg timestamp="20231108 14:59:30.674" level="INFO">Creating Session using : alias=session_2483, url=http://10.142.4.171:8091/api, headers={},                     cookies={}, auth=None, timeout=30, proxies=None, verify=False,                     debug=0 </msg>
<status status="PASS" starttime="20231108 14:59:30.674" endtime="20231108 14:59:30.674"/>
</kw>
<status status="PASS" starttime="20231108 14:59:30.673" endtime="20231108 14:59:30.674"/>
</kw>
<kw name="Create_Date_Today+2" library="API_Preferences">
<kw name="Get Current Date" library="DateTime">
<var>${TodayDate+2}</var>
<arg>increment=48h</arg>
<arg>result_format=%d-%m-%Y</arg>
<doc>Returns current local or UTC time with an optional increment.</doc>
<msg timestamp="20231108 14:59:30.674" level="INFO">${TodayDate+2} = 10-11-2023</msg>
<status status="PASS" starttime="20231108 14:59:30.674" endtime="20231108 14:59:30.674"/>
</kw>
<kw name="Set Global Variable" library="BuiltIn">
<arg>${TodayDate+2}</arg>
<doc>Makes a variable available globally in all tests and suites.</doc>
<msg timestamp="20231108 14:59:30.675" level="INFO">${TodayDate+2} = 10-11-2023</msg>
<status status="PASS" starttime="20231108 14:59:30.675" endtime="20231108 14:59:30.675"/>
</kw>
<status status="PASS" starttime="20231108 14:59:30.674" endtime="20231108 14:59:30.675"/>
</kw>
<kw name="Evaluate" library="BuiltIn">
<var>${Payload}</var>
<arg>json.dumps({"identityNumber":"${identityNumber}","dateOfBirthMonth":${dateOfBirthMonth},"dateOfBirthYear":${dateOfBirthYear},"policyEffectiveDate":"${TodayDate+2}","isGrantTameeni":True, "recaptchaToken":"True"})</arg>
<doc>Evaluates the given expression in Python and returns the result.</doc>
<msg timestamp="20231108 14:59:30.675" level="INFO">${Payload} = {"identityNumber": "1061246813", "dateOfBirthMonth": 11, "dateOfBirthYear": 1409, "policyEffectiveDate": "10-11-2023", "isGrantTameeni": true, "recaptchaToken": "True"}</msg>
<status status="PASS" starttime="20231108 14:59:30.675" endtime="20231108 14:59:30.675"/>
</kw>
<kw name="Post Request and check response" library="API_Preferences">
<arg>${sessionName}</arg>
<arg>${URI}</arg>
<arg>${Payload}</arg>
<arg>201</arg>
<kw name="Create Dictionary" library="BuiltIn">
<var>${header}</var>
<arg>Content-Type=application/json</arg>
<doc>Creates and returns a dictionary based on the given ``items``.</doc>
<msg timestamp="20231108 14:59:30.676" level="INFO">${header} = {'Content-Type': 'application/json'}</msg>
<status status="PASS" starttime="20231108 14:59:30.675" endtime="20231108 14:59:30.676"/>
</kw>
<kw name="Post Request" library="RequestsLibrary">
<var>${resp}</var>
<arg>${sessionName}</arg>
<arg>${SecondUrl}</arg>
<arg>${body}</arg>
<arg>headers=${header}</arg>
<doc>*DEPRECATED* Please use `POST On Session` instead.</doc>
<msg timestamp="20231108 14:59:30.676" level="WARN">Keyword 'RequestsLibrary.Post Request' is deprecated. Please use `POST On Session` instead.</msg>
<msg timestamp="20231108 14:59:32.518" level="INFO">POST Request : url=http://10.142.4.171:8091/api/Applications 
 path_url=/api/Applications 
 headers={'User-Agent': 'python-requests/2.31.0', 'Accept-Encoding': 'gzip, deflate', 'Accept': '*/*', 'Connection': 'keep-alive', 'Content-Type': 'application/json', 'Content-Length': '168'} 
 body=b'{"identityNumber": "1061246813", "dateOfBirthMonth": 11, "dateOfBirthYear": 1409, "policyEffectiveDate": "10-11-2023", "isGrantTameeni": true, "recaptchaToken": "True"}' 
 </msg>
<msg timestamp="20231108 14:59:32.518" level="INFO">POST Response : url=http://10.142.4.171:8091/api/Applications 
 status=201, reason=Created 
 headers={'Content-Type': 'application/json; charset=utf-8', 'Date': 'Wed, 08 Nov 2023 12:59:37 GMT', 'Server': 'Kestrel', 'Transfer-Encoding': 'chunked'} 
 body={"personInfoResponseModel":{"englishFirstName":"MOHAMMED","englishLastName":"KHAYAT","englishSecondName":"KHALID","englishThirdName":"M","arabicFirstName":"محمد","arabicSecondName":"محمد","arabicThirdName":"خالد","arabicLastName":"خياط","dateOfBirthG":null,"dateOfBirthH":"11-11-1409","nationalityDescAr":"العربية السعودية","nationalityDescEn":"Saudi Arabia","sponsorIdentityNumber":"1061246813"},"applicationReference":"357b5ec4-5bcd-4b0b-b37d-167a2930389e"} 
 </msg>
<msg timestamp="20231108 14:59:32.518" level="INFO">${resp} = &lt;Response [201]&gt;</msg>
<status status="PASS" starttime="20231108 14:59:30.676" endtime="20231108 14:59:32.518"/>
</kw>
<kw name="Set Test Variable" library="BuiltIn">
<arg>${actualResult}</arg>
<arg>${resp.json()}</arg>
<doc>Makes a variable available everywhere within the scope of the current test.</doc>
<msg timestamp="20231108 14:59:32.520" level="INFO">${actualResult} = {'personInfoResponseModel': {'englishFirstName': 'MOHAMMED', 'englishLastName': 'KHAYAT', 'englishSecondName': 'KHALID', 'englishThirdName': 'M', 'arabicFirstName': 'محمد', 'arabicSecondName': 'محمد',...</msg>
<status status="PASS" starttime="20231108 14:59:32.518" endtime="20231108 14:59:32.520"/>
</kw>
<kw name="Should Be Equal As Strings" library="BuiltIn">
<arg>${resp.status_code}</arg>
<arg>${statuscode}</arg>
<doc>Fails if objects are unequal after converting them to strings.</doc>
<msg timestamp="20231108 14:59:32.521" level="INFO">Argument types are:
&lt;class 'int'&gt;
&lt;class 'str'&gt;</msg>
<status status="PASS" starttime="20231108 14:59:32.520" endtime="20231108 14:59:32.521"/>
</kw>
<kw name="Set Test Variable" library="BuiltIn">
<arg>${actualResult}</arg>
<doc>Makes a variable available everywhere within the scope of the current test.</doc>
<msg timestamp="20231108 14:59:32.521" level="INFO">${actualResult} = {'personInfoResponseModel': {'englishFirstName': 'MOHAMMED', 'englishLastName': 'KHAYAT', 'englishSecondName': 'KHALID', 'englishThirdName': 'M', 'arabicFirstName': 'محمد', 'arabicSecondName': 'محمد',...</msg>
<status status="PASS" starttime="20231108 14:59:32.521" endtime="20231108 14:59:32.521"/>
</kw>
<status status="PASS" starttime="20231108 14:59:30.675" endtime="20231108 14:59:32.521"/>
</kw>
<kw name="Set Test Variable" library="BuiltIn">
<arg>${ApplicationRef}</arg>
<arg>${actualResult['applicationReference']}</arg>
<doc>Makes a variable available everywhere within the scope of the current test.</doc>
<msg timestamp="20231108 14:59:32.522" level="INFO">${ApplicationRef} = 357b5ec4-5bcd-4b0b-b37d-167a2930389e</msg>
<status status="PASS" starttime="20231108 14:59:32.521" endtime="20231108 14:59:32.522"/>
</kw>
<status status="PASS" starttime="20231108 14:59:30.673" endtime="20231108 14:59:32.522"/>
</kw>
<kw name="Create API session" library="API_Preferences">
<kw name="Generate Random String" library="String">
<var>${randomNumber}</var>
<arg>4</arg>
<arg>[NUMBERS]</arg>
<doc>Generates a string with a desired ``length`` from the given ``chars``.</doc>
<msg timestamp="20231108 14:59:32.523" level="INFO">${randomNumber} = 0721</msg>
<status status="PASS" starttime="20231108 14:59:32.523" endtime="20231108 14:59:32.523"/>
</kw>
<kw name="Catenate" library="BuiltIn">
<var>${sessionName}</var>
<arg>session_${randomNumber}</arg>
<doc>Catenates the given items together and returns the resulted string.</doc>
<msg timestamp="20231108 14:59:32.524" level="INFO">${sessionName} = session_0721</msg>
<status status="PASS" starttime="20231108 14:59:32.523" endtime="20231108 14:59:32.524"/>
</kw>
<kw name="Set Global Variable" library="BuiltIn">
<arg>${sessionName}</arg>
<doc>Makes a variable available globally in all tests and suites.</doc>
<msg timestamp="20231108 14:59:32.524" level="INFO">${sessionName} = session_0721</msg>
<status status="PASS" starttime="20231108 14:59:32.524" endtime="20231108 14:59:32.524"/>
</kw>
<kw name="Create Session" library="RequestsLibrary">
<arg>${sessionName}</arg>
<arg>${Base_Url}</arg>
<arg>timeout=30</arg>
<arg>disable_warnings=1</arg>
<doc>Create Session: create a HTTP session to a server</doc>
<msg timestamp="20231108 14:59:32.524" level="INFO">Creating Session using : alias=session_0721, url=http://10.142.4.171:8091/api, headers={},                     cookies={}, auth=None, timeout=30, proxies=None, verify=False,                     debug=0 </msg>
<status status="PASS" starttime="20231108 14:59:32.524" endtime="20231108 14:59:32.525"/>
</kw>
<status status="PASS" starttime="20231108 14:59:32.523" endtime="20231108 14:59:32.525"/>
</kw>
<kw name="Evaluate" library="BuiltIn">
<var>${Payload}</var>
<arg>json.dumps({"IdentityNumber":"106124681@","dateOfBirthMonth":${dateOfBirthMonth},"dateOfBirthYear":${dateOfBirthYear},"policyEffectiveDate":"${TodayDate+2}","mobileNumber":"${mobileNumber}"})</arg>
<doc>Evaluates the given expression in Python and returns the result.</doc>
<msg timestamp="20231108 14:59:32.525" level="INFO">${Payload} = {"IdentityNumber": "106124681@", "dateOfBirthMonth": 11, "dateOfBirthYear": 1409, "policyEffectiveDate": "10-11-2023", "mobileNumber": "0552141235"}</msg>
<status status="PASS" starttime="20231108 14:59:32.525" endtime="20231108 14:59:32.525"/>
</kw>
<kw name="Put request and check response with body appears" library="API_Preferences">
<arg>${sessionName}</arg>
<arg>${URI}/${ApplicationRef}/Sponsors</arg>
<arg>${Payload}</arg>
<arg>422</arg>
<kw name="Create Dictionary" library="BuiltIn">
<var>${header}</var>
<arg>Content-Type=application/json</arg>
<doc>Creates and returns a dictionary based on the given ``items``.</doc>
<msg timestamp="20231108 14:59:32.526" level="INFO">${header} = {'Content-Type': 'application/json'}</msg>
<status status="PASS" starttime="20231108 14:59:32.526" endtime="20231108 14:59:32.526"/>
</kw>
<kw name="Put Request" library="RequestsLibrary">
<var>${resp}</var>
<arg>${sessionName}</arg>
<arg>${SecondUrl}</arg>
<arg>${body}</arg>
<arg>headers=${header}</arg>
<doc>*DEPRECATED* Please use `PUT On Session` instead.</doc>
<msg timestamp="20231108 14:59:32.526" level="WARN">Keyword 'RequestsLibrary.Put Request' is deprecated. Please use `PUT On Session` instead.</msg>
<msg timestamp="20231108 14:59:33.143" level="INFO">PUT Request : url=http://10.142.4.171:8091/api/Applications/357b5ec4-5bcd-4b0b-b37d-167a2930389e/Sponsors 
 path_url=/api/Applications/357b5ec4-5bcd-4b0b-b37d-167a2930389e/Sponsors 
 headers={'User-Agent': 'python-requests/2.31.0', 'Accept-Encoding': 'gzip, deflate', 'Accept': '*/*', 'Connection': 'keep-alive', 'Content-Type': 'application/json', 'Content-Length': '148'} 
 body=b'{"IdentityNumber": "106124681@", "dateOfBirthMonth": 11, "dateOfBirthYear": 1409, "policyEffectiveDate": "10-11-2023", "mobileNumber": "0552141235"}' 
 </msg>
<msg timestamp="20231108 14:59:33.143" level="INFO">PUT Response : url=http://10.142.4.171:8091/api/Applications/357b5ec4-5bcd-4b0b-b37d-167a2930389e/Sponsors 
 status=422, reason=Unprocessable Entity 
 headers={'Content-Type': 'application/json; charset=utf-8', 'Date': 'Wed, 08 Nov 2023 12:59:38 GMT', 'Server': 'Kestrel', 'Transfer-Encoding': 'chunked'} 
 body={"traceId":null,"errorCode":"ValidationErrorCode","errors":["Identity Number Must Be Number"]} 
 </msg>
<msg timestamp="20231108 14:59:33.143" level="INFO">${resp} = &lt;Response [422]&gt;</msg>
<status status="PASS" starttime="20231108 14:59:32.526" endtime="20231108 14:59:33.143"/>
</kw>
<kw name="Set Test Variable" library="BuiltIn">
<arg>${actualResult}</arg>
<arg>${resp.json()}</arg>
<doc>Makes a variable available everywhere within the scope of the current test.</doc>
<msg timestamp="20231108 14:59:33.144" level="INFO">${actualResult} = {'traceId': None, 'errorCode': 'ValidationErrorCode', 'errors': ['Identity Number Must Be Number']}</msg>
<status status="PASS" starttime="20231108 14:59:33.143" endtime="20231108 14:59:33.144"/>
</kw>
<kw name="Should Be Equal As Strings" library="BuiltIn">
<arg>${resp.status_code}</arg>
<arg>${statuscode}</arg>
<doc>Fails if objects are unequal after converting them to strings.</doc>
<msg timestamp="20231108 14:59:33.145" level="INFO">Argument types are:
&lt;class 'int'&gt;
&lt;class 'str'&gt;</msg>
<status status="PASS" starttime="20231108 14:59:33.144" endtime="20231108 14:59:33.145"/>
</kw>
<kw name="Set Test Variable" library="BuiltIn">
<arg>${actualResult}</arg>
<doc>Makes a variable available everywhere within the scope of the current test.</doc>
<msg timestamp="20231108 14:59:33.145" level="INFO">${actualResult} = {'traceId': None, 'errorCode': 'ValidationErrorCode', 'errors': ['Identity Number Must Be Number']}</msg>
<status status="PASS" starttime="20231108 14:59:33.145" endtime="20231108 14:59:33.145"/>
</kw>
<status status="PASS" starttime="20231108 14:59:32.526" endtime="20231108 14:59:33.145"/>
</kw>
<kw name="Set Test Variable" library="BuiltIn">
<arg>${actualResult}</arg>
<doc>Makes a variable available everywhere within the scope of the current test.</doc>
<msg timestamp="20231108 14:59:33.146" level="INFO">${actualResult} = {'traceId': None, 'errorCode': 'ValidationErrorCode', 'errors': ['Identity Number Must Be Number']}</msg>
<status status="PASS" starttime="20231108 14:59:33.146" endtime="20231108 14:59:33.146"/>
</kw>
<kw name=" Verify API Response with when send PUT Request for sponsor with identity number with special characters" library="Keywords_PUT_Sponsors">
<arg>${actualResult}</arg>
<doc>veriy actual resutls</doc>
<kw name="Should Be Equal As Strings" library="BuiltIn">
<arg>${actualResult['errorCode']}</arg>
<arg>ValidationErrorCode</arg>
<doc>Fails if objects are unequal after converting them to strings.</doc>
<status status="PASS" starttime="20231108 14:59:33.146" endtime="20231108 14:59:33.147"/>
</kw>
<kw name="Should Be Equal As Strings" library="BuiltIn">
<arg>${actualResult['errors']}</arg>
<arg>['Identity Number Must Be Number']</arg>
<doc>Fails if objects are unequal after converting them to strings.</doc>
<msg timestamp="20231108 14:59:33.147" level="INFO">Argument types are:
&lt;class 'list'&gt;
&lt;class 'str'&gt;</msg>
<status status="PASS" starttime="20231108 14:59:33.147" endtime="20231108 14:59:33.147"/>
</kw>
<status status="PASS" starttime="20231108 14:59:33.146" endtime="20231108 14:59:33.147"/>
</kw>
<status status="PASS" starttime="20231108 14:59:30.673" endtime="20231108 14:59:33.147"/>
</test>
<test id="s1-t6" name="Test case - verify that when send a PUT request for sponsors with identity number with identity number empty" line="58">
<kw name="Create application to make PUT request for Sponsors" library="Common">
<kw name="Create API session" library="API_Preferences">
<kw name="Generate Random String" library="String">
<var>${randomNumber}</var>
<arg>4</arg>
<arg>[NUMBERS]</arg>
<doc>Generates a string with a desired ``length`` from the given ``chars``.</doc>
<msg timestamp="20231108 14:59:33.149" level="INFO">${randomNumber} = 6571</msg>
<status status="PASS" starttime="20231108 14:59:33.148" endtime="20231108 14:59:33.149"/>
</kw>
<kw name="Catenate" library="BuiltIn">
<var>${sessionName}</var>
<arg>session_${randomNumber}</arg>
<doc>Catenates the given items together and returns the resulted string.</doc>
<msg timestamp="20231108 14:59:33.150" level="INFO">${sessionName} = session_6571</msg>
<status status="PASS" starttime="20231108 14:59:33.149" endtime="20231108 14:59:33.150"/>
</kw>
<kw name="Set Global Variable" library="BuiltIn">
<arg>${sessionName}</arg>
<doc>Makes a variable available globally in all tests and suites.</doc>
<msg timestamp="20231108 14:59:33.150" level="INFO">${sessionName} = session_6571</msg>
<status status="PASS" starttime="20231108 14:59:33.150" endtime="20231108 14:59:33.150"/>
</kw>
<kw name="Create Session" library="RequestsLibrary">
<arg>${sessionName}</arg>
<arg>${Base_Url}</arg>
<arg>timeout=30</arg>
<arg>disable_warnings=1</arg>
<doc>Create Session: create a HTTP session to a server</doc>
<msg timestamp="20231108 14:59:33.150" level="INFO">Creating Session using : alias=session_6571, url=http://10.142.4.171:8091/api, headers={},                     cookies={}, auth=None, timeout=30, proxies=None, verify=False,                     debug=0 </msg>
<status status="PASS" starttime="20231108 14:59:33.150" endtime="20231108 14:59:33.151"/>
</kw>
<status status="PASS" starttime="20231108 14:59:33.148" endtime="20231108 14:59:33.151"/>
</kw>
<kw name="Create_Date_Today+2" library="API_Preferences">
<kw name="Get Current Date" library="DateTime">
<var>${TodayDate+2}</var>
<arg>increment=48h</arg>
<arg>result_format=%d-%m-%Y</arg>
<doc>Returns current local or UTC time with an optional increment.</doc>
<msg timestamp="20231108 14:59:33.152" level="INFO">${TodayDate+2} = 10-11-2023</msg>
<status status="PASS" starttime="20231108 14:59:33.151" endtime="20231108 14:59:33.152"/>
</kw>
<kw name="Set Global Variable" library="BuiltIn">
<arg>${TodayDate+2}</arg>
<doc>Makes a variable available globally in all tests and suites.</doc>
<msg timestamp="20231108 14:59:33.152" level="INFO">${TodayDate+2} = 10-11-2023</msg>
<status status="PASS" starttime="20231108 14:59:33.152" endtime="20231108 14:59:33.152"/>
</kw>
<status status="PASS" starttime="20231108 14:59:33.151" endtime="20231108 14:59:33.153"/>
</kw>
<kw name="Evaluate" library="BuiltIn">
<var>${Payload}</var>
[...]
<doc>Evaluates the given expression in Python and returns the result.</doc>
<msg timestamp="20231108 15:00:04.298" level="INFO">${Payload} = {"identityNumber": "1061246813", "dateOfBirthMonth": 11, "dateOfBirthYear": 1409, "policyEffectiveDate": "10-11-2023", "isGrantTameeni": true, "recaptchaToken": "True"}</msg>
<status status="PASS" starttime="20231108 15:00:04.297" endtime="20231108 15:00:04.298"/>
</kw>
<kw name="Post Request and check response" library="API_Preferences">
<arg>${sessionName}</arg>
<arg>${URI}</arg>
<arg>${Payload}</arg>
<arg>201</arg>
<kw name="Create Dictionary" library="BuiltIn">
<var>${header}</var>
<arg>Content-Type=application/json</arg>
<doc>Creates and returns a dictionary based on the given ``items``.</doc>
<msg timestamp="20231108 15:00:04.298" level="INFO">${header} = {'Content-Type': 'application/json'}</msg>
<status status="PASS" starttime="20231108 15:00:04.298" endtime="20231108 15:00:04.298"/>
</kw>
<kw name="Post Request" library="RequestsLibrary">
<var>${resp}</var>
<arg>${sessionName}</arg>
<arg>${SecondUrl}</arg>
<arg>${body}</arg>
<arg>headers=${header}</arg>
<doc>*DEPRECATED* Please use `POST On Session` instead.</doc>
<msg timestamp="20231108 15:00:04.298" level="WARN">Keyword 'RequestsLibrary.Post Request' is deprecated. Please use `POST On Session` instead.</msg>
<msg timestamp="20231108 15:00:06.641" level="INFO">POST Request : url=http://10.142.4.171:8091/api/Applications 
 path_url=/api/Applications 
 headers={'User-Agent': 'python-requests/2.31.0', 'Accept-Encoding': 'gzip, deflate', 'Accept': '*/*', 'Connection': 'keep-alive', 'Content-Type': 'application/json', 'Content-Length': '168'} 
 body=b'{"identityNumber": "1061246813", "dateOfBirthMonth": 11, "dateOfBirthYear": 1409, "policyEffectiveDate": "10-11-2023", "isGrantTameeni": true, "recaptchaToken": "True"}' 
 </msg>
<msg timestamp="20231108 15:00:06.642" level="INFO">POST Response : url=http://10.142.4.171:8091/api/Applications 
 status=201, reason=Created 
 headers={'Content-Type': 'application/json; charset=utf-8', 'Date': 'Wed, 08 Nov 2023 13:00:11 GMT', 'Server': 'Kestrel', 'Transfer-Encoding': 'chunked'} 
 body={"personInfoResponseModel":{"englishFirstName":"MOHAMMED","englishLastName":"KHAYAT","englishSecondName":"KHALID","englishThirdName":"M","arabicFirstName":"محمد","arabicSecondName":"محمد","arabicThirdName":"خالد","arabicLastName":"خياط","dateOfBirthG":null,"dateOfBirthH":"11-11-1409","nationalityDescAr":"العربية السعودية","nationalityDescEn":"Saudi Arabia","sponsorIdentityNumber":"1061246813"},"applicationReference":"6a308bc1-e6fd-446a-bb3f-04bf724db432"} 
 </msg>
<msg timestamp="20231108 15:00:06.642" level="INFO">${resp} = &lt;Response [201]&gt;</msg>
<status status="PASS" starttime="20231108 15:00:04.298" endtime="20231108 15:00:06.642"/>
</kw>
<kw name="Set Test Variable" library="BuiltIn">
<arg>${actualResult}</arg>
<arg>${resp.json()}</arg>
<doc>Makes a variable available everywhere within the scope of the current test.</doc>
<msg timestamp="20231108 15:00:06.645" level="INFO">${actualResult} = {'personInfoResponseModel': {'englishFirstName': 'MOHAMMED', 'englishLastName': 'KHAYAT', 'englishSecondName': 'KHALID', 'englishThirdName': 'M', 'arabicFirstName': 'محمد', 'arabicSecondName': 'محمد',...</msg>
<status status="PASS" starttime="20231108 15:00:06.642" endtime="20231108 15:00:06.645"/>
</kw>
<kw name="Should Be Equal As Strings" library="BuiltIn">
<arg>${resp.status_code}</arg>
<arg>${statuscode}</arg>
<doc>Fails if objects are unequal after converting them to strings.</doc>
<msg timestamp="20231108 15:00:06.647" level="INFO">Argument types are:
&lt;class 'int'&gt;
&lt;class 'str'&gt;</msg>
<status status="PASS" starttime="20231108 15:00:06.645" endtime="20231108 15:00:06.647"/>
</kw>
<kw name="Set Test Variable" library="BuiltIn">
<arg>${actualResult}</arg>
<doc>Makes a variable available everywhere within the scope of the current test.</doc>
<msg timestamp="20231108 15:00:06.647" level="INFO">${actualResult} = {'personInfoResponseModel': {'englishFirstName': 'MOHAMMED', 'englishLastName': 'KHAYAT', 'englishSecondName': 'KHALID', 'englishThirdName': 'M', 'arabicFirstName': 'محمد', 'arabicSecondName': 'محمد',...</msg>
<status status="PASS" starttime="20231108 15:00:06.647" endtime="20231108 15:00:06.647"/>
</kw>
<status status="PASS" starttime="20231108 15:00:04.298" endtime="20231108 15:00:06.647"/>
</kw>
<kw name="Set Test Variable" library="BuiltIn">
<arg>${ApplicationRef}</arg>
<arg>${actualResult['applicationReference']}</arg>
<doc>Makes a variable available everywhere within the scope of the current test.</doc>
<msg timestamp="20231108 15:00:06.648" level="INFO">${ApplicationRef} = 6a308bc1-e6fd-446a-bb3f-04bf724db432</msg>
<status status="PASS" starttime="20231108 15:00:06.648" endtime="20231108 15:00:06.648"/>
</kw>
<status status="PASS" starttime="20231108 15:00:04.296" endtime="20231108 15:00:06.648"/>
</kw>
<kw name="Create API session" library="API_Preferences">
<kw name="Generate Random String" library="String">
<var>${randomNumber}</var>
<arg>4</arg>
<arg>[NUMBERS]</arg>
<doc>Generates a string with a desired ``length`` from the given ``chars``.</doc>
<msg timestamp="20231108 15:00:06.649" level="INFO">${randomNumber} = 4979</msg>
<status status="PASS" starttime="20231108 15:00:06.649" endtime="20231108 15:00:06.649"/>
</kw>
<kw name="Catenate" library="BuiltIn">
<var>${sessionName}</var>
<arg>session_${randomNumber}</arg>
<doc>Catenates the given items together and returns the resulted string.</doc>
<msg timestamp="20231108 15:00:06.649" level="INFO">${sessionName} = session_4979</msg>
<status status="PASS" starttime="20231108 15:00:06.649" endtime="20231108 15:00:06.649"/>
</kw>
<kw name="Set Global Variable" library="BuiltIn">
<arg>${sessionName}</arg>
<doc>Makes a variable available globally in all tests and suites.</doc>
<msg timestamp="20231108 15:00:06.649" level="INFO">${sessionName} = session_4979</msg>
<status status="PASS" starttime="20231108 15:00:06.649" endtime="20231108 15:00:06.649"/>
</kw>
<kw name="Create Session" library="RequestsLibrary">
<arg>${sessionName}</arg>
<arg>${Base_Url}</arg>
<arg>timeout=30</arg>
<arg>disable_warnings=1</arg>
<doc>Create Session: create a HTTP session to a server</doc>
<msg timestamp="20231108 15:00:06.650" level="INFO">Creating Session using : alias=session_4979, url=http://10.142.4.171:8091/api, headers={},                     cookies={}, auth=None, timeout=30, proxies=None, verify=False,                     debug=0 </msg>
<status status="PASS" starttime="20231108 15:00:06.650" endtime="20231108 15:00:06.650"/>
</kw>
<status status="PASS" starttime="20231108 15:00:06.649" endtime="20231108 15:00:06.650"/>
</kw>
<kw name="Evaluate" library="BuiltIn">
<var>${Payload}</var>
<arg>json.dumps({"IdentityNumber":"${identityNumber}" ,"dateOfBirthMonth": ${dateOfBirthMonth} ,"dateOfBirthYear": ${dateOfBirthYear} ,"policyEffectiveDate":"30-10-2023@","mobileNumber":"${mobileNumber}"})</arg>
<doc>Evaluates the given expression in Python and returns the result.</doc>
<msg timestamp="20231108 15:00:06.650" level="INFO">${Payload} = {"IdentityNumber": "1061246813", "dateOfBirthMonth": 11, "dateOfBirthYear": 1409, "policyEffectiveDate": "30-10-2023@", "mobileNumber": "0552141235"}</msg>
<status status="PASS" starttime="20231108 15:00:06.650" endtime="20231108 15:00:06.650"/>
</kw>
<kw name="Put request and check response with body appears" library="API_Preferences">
<arg>${sessionName}</arg>
<arg>${URI}/${ApplicationRef}/Sponsors</arg>
<arg>${Payload}</arg>
<arg>422</arg>
<kw name="Create Dictionary" library="BuiltIn">
<var>${header}</var>
<arg>Content-Type=application/json</arg>
<doc>Creates and returns a dictionary based on the given ``items``.</doc>
<msg timestamp="20231108 15:00:06.652" level="INFO">${header} = {'Content-Type': 'application/json'}</msg>
<status status="PASS" starttime="20231108 15:00:06.652" endtime="20231108 15:00:06.652"/>
</kw>
<kw name="Put Request" library="RequestsLibrary">
<var>${resp}</var>
<arg>${sessionName}</arg>
<arg>${SecondUrl}</arg>
<arg>${body}</arg>
<arg>headers=${header}</arg>
<doc>*DEPRECATED* Please use `PUT On Session` instead.</doc>
<msg timestamp="20231108 15:00:06.652" level="WARN">Keyword 'RequestsLibrary.Put Request' is deprecated. Please use `PUT On Session` instead.</msg>
<msg timestamp="20231108 15:00:07.106" level="INFO">PUT Request : url=http://10.142.4.171:8091/api/Applications/6a308bc1-e6fd-446a-bb3f-04bf724db432/Sponsors 
 path_url=/api/Applications/6a308bc1-e6fd-446a-bb3f-04bf724db432/Sponsors 
 headers={'User-Agent': 'python-requests/2.31.0', 'Accept-Encoding': 'gzip, deflate', 'Accept': '*/*', 'Connection': 'keep-alive', 'Content-Type': 'application/json', 'Content-Length': '149'} 
 body=b'{"IdentityNumber": "1061246813", "dateOfBirthMonth": 11, "dateOfBirthYear": 1409, "policyEffectiveDate": "30-10-2023@", "mobileNumber": "0552141235"}' 
 </msg>
<msg timestamp="20231108 15:00:07.106" level="INFO">PUT Response : url=http://10.142.4.171:8091/api/Applications/6a308bc1-e6fd-446a-bb3f-04bf724db432/Sponsors 
 status=422, reason=Unprocessable Entity 
 headers={'Content-Type': 'application/json; charset=utf-8', 'Date': 'Wed, 08 Nov 2023 13:00:12 GMT', 'Server': 'Kestrel', 'Transfer-Encoding': 'chunked'} 
 body={"traceId":null,"errorCode":"ValidationErrorCode","errors":["Invalid Policy Effective Date Format","Policy Effective Date must Start From Tomorrow"]} 
 </msg>
<msg timestamp="20231108 15:00:07.106" level="INFO">${resp} = &lt;Response [422]&gt;</msg>
<status status="PASS" starttime="20231108 15:00:06.652" endtime="20231108 15:00:07.106"/>
</kw>
<kw name="Set Test Variable" library="BuiltIn">
<arg>${actualResult}</arg>
<arg>${resp.json()}</arg>
<doc>Makes a variable available everywhere within the scope of the current test.</doc>
<msg timestamp="20231108 15:00:07.108" level="INFO">${actualResult} = {'traceId': None, 'errorCode': 'ValidationErrorCode', 'errors': ['Invalid Policy Effective Date Format', 'Policy Effective Date must Start From Tomorrow']}</msg>
<status status="PASS" starttime="20231108 15:00:07.107" endtime="20231108 15:00:07.108"/>
</kw>
<kw name="Should Be Equal As Strings" library="BuiltIn">
<arg>${resp.status_code}</arg>
<arg>${statuscode}</arg>
<doc>Fails if objects are unequal after converting them to strings.</doc>
<msg timestamp="20231108 15:00:07.110" level="INFO">Argument types are:
&lt;class 'int'&gt;
&lt;class 'str'&gt;</msg>
<status status="PASS" starttime="20231108 15:00:07.108" endtime="20231108 15:00:07.110"/>
</kw>
<kw name="Set Test Variable" library="BuiltIn">
<arg>${actualResult}</arg>
<doc>Makes a variable available everywhere within the scope of the current test.</doc>
<msg timestamp="20231108 15:00:07.110" level="INFO">${actualResult} = {'traceId': None, 'errorCode': 'ValidationErrorCode', 'errors': ['Invalid Policy Effective Date Format', 'Policy Effective Date must Start From Tomorrow']}</msg>
<status status="PASS" starttime="20231108 15:00:07.110" endtime="20231108 15:00:07.110"/>
</kw>
<status status="PASS" starttime="20231108 15:00:06.652" endtime="20231108 15:00:07.110"/>
</kw>
<kw name="Set Test Variable" library="BuiltIn">
<arg>${actualResult}</arg>
<doc>Makes a variable available everywhere within the scope of the current test.</doc>
<msg timestamp="20231108 15:00:07.111" level="INFO">${actualResult} = {'traceId': None, 'errorCode': 'ValidationErrorCode', 'errors': ['Invalid Policy Effective Date Format', 'Policy Effective Date must Start From Tomorrow']}</msg>
<status status="PASS" starttime="20231108 15:00:07.111" endtime="20231108 15:00:07.111"/>
</kw>
<kw name=" verify API Response when send PUT Request for sponsor with policy effective date with special character" library="Keywords_PUT_Sponsors">
<arg>${actualResult}</arg>
<doc>veriy actual resutls</doc>
<kw name="Should Be Equal As Strings" library="BuiltIn">
<arg>${actualResult['errorCode']}</arg>
<arg>ValidationErrorCode</arg>
<doc>Fails if objects are unequal after converting them to strings.</doc>
<status status="PASS" starttime="20231108 15:00:07.111" endtime="20231108 15:00:07.113"/>
</kw>
<kw name="Should Be Equal As Strings" library="BuiltIn">
<arg>${actualResult['errors']}</arg>
<arg>['Invalid Policy Effective Date Format', 'Policy Effective Date must Start From Tomorrow']</arg>
<doc>Fails if objects are unequal after converting them to strings.</doc>
<msg timestamp="20231108 15:00:07.115" level="INFO">Argument types are:
&lt;class 'list'&gt;
&lt;class 'str'&gt;</msg>
<status status="PASS" starttime="20231108 15:00:07.113" endtime="20231108 15:00:07.115"/>
</kw>
<status status="PASS" starttime="20231108 15:00:07.111" endtime="20231108 15:00:07.115"/>
</kw>
<status status="PASS" starttime="20231108 15:00:04.295" endtime="20231108 15:00:07.116"/>
</test>
<doc>Create application suite is designed for test and verify that application created successfully with its application reference</doc>
<status status="FAIL" starttime="20231108 14:59:12.650" endtime="20231108 15:00:07.119"/>
</suite>
<statistics>
<total>
<stat pass="13" fail="1" skip="0">All Tests</stat>
</total>
<tag>
</tag>
<suite>
<stat pass="13" fail="1" skip="0" id="s1" name="0.5-PUT-Sponsors">0.5-PUT-Sponsors</stat>
</suite>
</statistics>
<errors>
<msg timestamp="20231108 14:59:12.860" level="ERROR">Error in file 'C:\Users\aahmed\PycharmProjects\DW-API_QC_Automation\Resources\Database\Assertions.robot' on line 2: Importing library 'SeleniumLibrary' failed: ModuleNotFoundError: No module named 'SeleniumLibrary'
Traceback (most recent call last):
  None
PYTHONPATH:
  C:\Users\aahmed\AppData\Local\Programs\Python\Python311\Scripts\robot.exe
  C:\Users\aahmed\AppData\Local\Programs\Python\Python311\python311.zip
  C:\Users\aahmed\AppData\Local\Programs\Python\Python311\DLLs
  C:\Users\aahmed\AppData\Local\Programs\Python\Python311\Lib
  C:\Users\aahmed\AppData\Local\Programs\Python\Python311
  C:\Users\aahmed\AppData\Local\Programs\Python\Python311\Lib\site-packages</msg>
<msg timestamp="20231108 14:59:12.870" level="ERROR">Error in file 'C:\Users\aahmed\PycharmProjects\DW-API_QC_Automation\Resources\Database\DataBaseConnection.robot' on line 2: Importing library 'SeleniumLibrary' failed: ModuleNotFoundError: No module named 'SeleniumLibrary'
Traceback (most recent call last):
  None
PYTHONPATH:
  C:\Users\aahmed\AppData\Local\Programs\Python\Python311\Scripts\robot.exe
  C:\Users\aahmed\AppData\Local\Programs\Python\Python311\python311.zip
  C:\Users\aahmed\AppData\Local\Programs\Python\Python311\DLLs
  C:\Users\aahmed\AppData\Local\Programs\Python\Python311\Lib
  C:\Users\aahmed\AppData\Local\Programs\Python\Python311
  C:\Users\aahmed\AppData\Local\Programs\Python\Python311\Lib\site-packages</msg>
<msg timestamp="20231108 14:59:12.870" level="ERROR">Error in file 'C:\Users\aahmed\PycharmProjects\DW-API_QC_Automation\Resources\Keyword\Keywords-GetSponsorInfo.robot' on line 9: Library setting requires value.</msg>
<msg timestamp="20231108 14:59:12.880" level="ERROR">Error in file 'C:\Users\aahmed\PycharmProjects\DW-API_QC_Automation\Resources\Keyword\Common.robot' on line 8: Resource file '..\Resources\Objects\API_Preferences.robot' does not exist.</msg>
<msg timestamp="20231108 14:59:12.880" level="ERROR">Error in file 'C:\Users\aahmed\PycharmProjects\DW-API_QC_Automation\Resources\Keyword\Common.robot' on line 9: Resource file '..\Resources\Keyword\Keywords_CreateApplication.robot' does not exist.</msg>
<msg timestamp="20231108 14:59:12.881" level="ERROR">Error in file 'C:\Users\aahmed\PycharmProjects\DW-API_QC_Automation\Resources\Keyword\Common.robot' on line 10: Resource file '..\Resources\Keyword\Keywords_GettingWorkersInquiryFromYakeet.robot' does not exist.</msg>
<msg timestamp="20231108 14:59:12.891" level="WARN">Keyword 'RequestsLibrary.Post Request' is deprecated. Please use `POST On Session` instead.</msg>
<msg timestamp="20231108 14:59:19.541" level="WARN">Keyword 'RequestsLibrary.Put Request' is deprecated. Please use `PUT On Session` instead.</msg>
<msg timestamp="20231108 14:59:20.203" level="WARN">Keyword 'RequestsLibrary.Post Request' is deprecated. Please use `POST On Session` instead.</msg>
<msg timestamp="20231108 14:59:22.560" level="WARN">Keyword 'RequestsLibrary.Put Request' is deprecated. Please use `PUT On Session` instead.</msg>
<msg timestamp="20231108 14:59:24.430" level="WARN">Keyword 'RequestsLibrary.Post Request' is deprecated. Please use `POST On Session` instead.</msg>
<msg timestamp="20231108 14:59:26.852" level="WARN">Keyword 'RequestsLibrary.Put Request' is deprecated. Please use `PUT On Session` instead.</msg>
<msg timestamp="20231108 14:59:27.327" level="WARN">Keyword 'RequestsLibrary.Post Request' is deprecated. Please use `POST On Session` instead.</msg>
<msg timestamp="20231108 14:59:30.010" level="WARN">Keyword 'RequestsLibrary.Put Request' is deprecated. Please use `PUT On Session` instead.</msg>
<msg timestamp="20231108 14:59:30.676" level="WARN">Keyword 'RequestsLibrary.Post Request' is deprecated. Please use `POST On Session` instead.</msg>
<msg timestamp="20231108 14:59:32.526" level="WARN">Keyword 'RequestsLibrary.Put Request' is deprecated. Please use `PUT On Session` instead.</msg>
<msg timestamp="20231108 14:59:33.155" level="WARN">Keyword 'RequestsLibrary.Post Request' is deprecated. Please use `POST On Session` instead.</msg>
<msg timestamp="20231108 14:59:35.179" level="WARN">Keyword 'RequestsLibrary.Put Request' is deprecated. Please use `PUT On Session` instead.</msg>
<msg timestamp="20231108 14:59:35.926" level="WARN">Keyword 'RequestsLibrary.Post Request' is deprecated. Please use `POST On Session` instead.</msg>
<msg timestamp="20231108 14:59:39.464" level="WARN">Keyword 'RequestsLibrary.Put Request' is deprecated. Please use `PUT On Session` instead.</msg>
<msg timestamp="20231108 14:59:42.971" level="WARN">Keyword 'RequestsLibrary.Post Request' is deprecated. Please use `POST On Session` instead.</msg>
<msg timestamp="20231108 14:59:47.018" level="WARN">Keyword 'RequestsLibrary.Put Request' is deprecated. Please use `PUT On Session` instead.</msg>
<msg timestamp="20231108 14:59:48.286" level="WARN">Keyword 'RequestsLibrary.Post Request' is deprecated. Please use `POST On Session` instead.</msg>
<msg timestamp="20231108 14:59:50.219" level="WARN">Keyword 'RequestsLibrary.Put Request' is deprecated. Please use `PUT On Session` instead.</msg>
<msg timestamp="20231108 14:59:50.930" level="WARN">Keyword 'RequestsLibrary.Post Request' is deprecated. Please use `POST On Session` instead.</msg>
<msg timestamp="20231108 14:59:54.383" level="WARN">Keyword 'RequestsLibrary.Put Request' is deprecated. Please use `PUT On Session` instead.</msg>
<msg timestamp="20231108 14:59:55.461" level="WARN">Keyword 'RequestsLibrary.Post Request' is deprecated. Please use `POST On Session` instead.</msg>
<msg timestamp="20231108 14:59:58.029" level="WARN">Keyword 'RequestsLibrary.Put Request' is deprecated. Please use `PUT On Session` instead.</msg>
<msg timestamp="20231108 14:59:58.677" level="WARN">Keyword 'RequestsLibrary.Post Request' is deprecated. Please use `POST On Session` instead.</msg>
<msg timestamp="20231108 15:00:00.976" level="WARN">Keyword 'RequestsLibrary.Put Request' is deprecated. Please use `PUT On Session` instead.</msg>
<msg timestamp="20231108 15:00:01.686" level="WARN">Keyword 'RequestsLibrary.Post Request' is deprecated. Please use `POST On Session` instead.</msg>
<msg timestamp="20231108 15:00:03.550" level="WARN">Keyword 'RequestsLibrary.Put Request' is deprecated. Please use `PUT On Session` instead.</msg>
<msg timestamp="20231108 15:00:04.298" level="WARN">Keyword 'RequestsLibrary.Post Request' is deprecated. Please use `POST On Session` instead.</msg>
<msg timestamp="20231108 15:00:06.652" level="WARN">Keyword 'RequestsLibrary.Put Request' is deprecated. Please use `PUT On Session` instead.</msg>
</errors>
</robot>
