<?xml version="1.0" encoding="UTF-8"?>
<robot generator="Robot 6.1.1 (Python 3.11.4 on win32)" generated="20231108 14:58:48.910" rpa="false" schemaversion="4">
<suite id="s1" name="0.5-PUT-Sponsors" source="C:\Users\aahmed\PycharmProjects\DW-API_QC_Automation\Tests\0.5-PUT-Sponsors.robot">
<test id="s1-t1" name="Test case - verify that when send a PUT request for sponsors with policy effective date with special character" line="128">
<kw name="Create application to make PUT request for Sponsors" library="Common">
<kw name="Create API session" library="API_Preferences">
<kw name="Generate Random String" library="String">
<var>${randomNumber}</var>
<arg>4</arg>
<arg>[NUMBERS]</arg>
<doc>Generates a string with a desired ``length`` from the given ``chars``.</doc>
<msg timestamp="20231108 14:58:49.181" level="INFO">${randomNumber} = 7422</msg>
<status status="PASS" starttime="20231108 14:58:49.181" endtime="20231108 14:58:49.181"/>
</kw>
<kw name="Catenate" library="BuiltIn">
<var>${sessionName}</var>
<arg>session_${randomNumber}</arg>
<doc>Catenates the given items together and returns the resulted string.</doc>
<msg timestamp="20231108 14:58:49.181" level="INFO">${sessionName} = session_7422</msg>
<status status="PASS" starttime="20231108 14:58:49.181" endtime="20231108 14:58:49.181"/>
</kw>
<kw name="Set Global Variable" library="BuiltIn">
<arg>${sessionName}</arg>
<doc>Makes a variable available globally in all tests and suites.</doc>
<msg timestamp="20231108 14:58:49.190" level="INFO">${sessionName} = session_7422</msg>
<status status="PASS" starttime="20231108 14:58:49.181" endtime="20231108 14:58:49.190"/>
</kw>
<kw name="Create Session" library="RequestsLibrary">
<arg>${sessionName}</arg>
<arg>${Base_Url}</arg>
<arg>timeout=30</arg>
<arg>disable_warnings=1</arg>
<doc>Create Session: create a HTTP session to a server</doc>
<msg timestamp="20231108 14:58:49.190" level="INFO">Creating Session using : alias=session_7422, url=http://10.142.4.171:8091/api, headers={},                     cookies={}, auth=None, timeout=30, proxies=None, verify=False,                     debug=0 </msg>
<status status="PASS" starttime="20231108 14:58:49.190" endtime="20231108 14:58:49.190"/>
</kw>
<status status="PASS" starttime="20231108 14:58:49.181" endtime="20231108 14:58:49.190"/>
</kw>
<kw name="Create_Date_Today+2" library="API_Preferences">
<kw name="Get Current Date" library="DateTime">
<var>${TodayDate+2}</var>
<arg>increment=48h</arg>
<arg>result_format=%d-%m-%Y</arg>
<doc>Returns current local or UTC time with an optional increment.</doc>
<msg timestamp="20231108 14:58:49.190" level="INFO">${TodayDate+2} = 10-11-2023</msg>
<status status="PASS" starttime="20231108 14:58:49.190" endtime="20231108 14:58:49.190"/>
</kw>
<kw name="Set Global Variable" library="BuiltIn">
<arg>${TodayDate+2}</arg>
<doc>Makes a variable available globally in all tests and suites.</doc>
<msg timestamp="20231108 14:58:49.190" level="INFO">${TodayDate+2} = 10-11-2023</msg>
<status status="PASS" starttime="20231108 14:58:49.190" endtime="20231108 14:58:49.190"/>
</kw>
<status status="PASS" starttime="20231108 14:58:49.190" endtime="20231108 14:58:49.190"/>
</kw>
<kw name="Evaluate" library="BuiltIn">
<var>${Payload}</var>
<arg>json.dumps({"identityNumber":"${identityNumber}","dateOfBirthMonth":${dateOfBirthMonth},"dateOfBirthYear":${dateOfBirthYear},"policyEffectiveDate":"${TodayDate+2}","isGrantTameeni":True, "recaptchaToken":"True"})</arg>
<doc>Evaluates the given expression in Python and returns the result.</doc>
<msg timestamp="20231108 14:58:49.190" level="INFO">${Payload} = {"identityNumber": "1061246813", "dateOfBirthMonth": 11, "dateOfBirthYear": 1409, "policyEffectiveDate": "10-11-2023", "isGrantTameeni": true, "recaptchaToken": "True"}</msg>
<status status="PASS" starttime="20231108 14:58:49.190" endtime="20231108 14:58:49.190"/>
</kw>
<kw name="Post Request and check response" library="API_Preferences">
<arg>${sessionName}</arg>
<arg>${URI}</arg>
<arg>${Payload}</arg>
<arg>201</arg>
<kw name="Create Dictionary" library="BuiltIn">
<var>${header}</var>
<arg>Content-Type=application/json</arg>
<doc>Creates and returns a dictionary based on the given ``items``.</doc>
<msg timestamp="20231108 14:58:49.194" level="INFO">${header} = {'Content-Type': 'application/json'}</msg>
<status status="PASS" starttime="20231108 14:58:49.190" endtime="20231108 14:58:49.194"/>
</kw>
<kw name="Post Request" library="RequestsLibrary">
<var>${resp}</var>
<arg>${sessionName}</arg>
<arg>${SecondUrl}</arg>
<arg>${body}</arg>
<arg>headers=${header}</arg>
<doc>*DEPRECATED* Please use `POST On Session` instead.</doc>
<msg timestamp="20231108 14:58:49.194" level="WARN">Keyword 'RequestsLibrary.Post Request' is deprecated. Please use `POST On Session` instead.</msg>
<msg timestamp="20231108 14:58:51.175" level="INFO">POST Request : url=http://10.142.4.171:8091/api/Applications 
 path_url=/api/Applications 
 headers={'User-Agent': 'python-requests/2.31.0', 'Accept-Encoding': 'gzip, deflate', 'Accept': '*/*', 'Connection': 'keep-alive', 'Content-Type': 'application/json', 'Content-Length': '168'} 
 body=b'{"identityNumber": "1061246813", "dateOfBirthMonth": 11, "dateOfBirthYear": 1409, "policyEffectiveDate": "10-11-2023", "isGrantTameeni": true, "recaptchaToken": "True"}' 
 </msg>
<msg timestamp="20231108 14:58:51.175" level="INFO">POST Response : url=http://10.142.4.171:8091/api/Applications 
 status=201, reason=Created 
 headers={'Content-Type': 'application/json; charset=utf-8', 'Date': 'Wed, 08 Nov 2023 12:58:56 GMT', 'Server': 'Kestrel', 'Transfer-Encoding': 'chunked'} 
 body={"personInfoResponseModel":{"englishFirstName":"MOHAMMED","englishLastName":"KHAYAT","englishSecondName":"KHALID","englishThirdName":"M","arabicFirstName":"محمد","arabicSecondName":"محمد","arabicThirdName":"خالد","arabicLastName":"خياط","dateOfBirthG":null,"dateOfBirthH":"11-11-1409","nationalityDescAr":"العربية السعودية","nationalityDescEn":"Saudi Arabia","sponsorIdentityNumber":"1061246813"},"applicationReference":"bd488e59-6fbf-4c8b-8411-45739f4833b0"} 
 </msg>
<msg timestamp="20231108 14:58:51.175" level="INFO">${resp} = &lt;Response [201]&gt;</msg>
<status status="PASS" starttime="20231108 14:58:49.194" endtime="20231108 14:58:51.175"/>
</kw>
<kw name="Set Test Variable" library="BuiltIn">
<arg>${actualResult}</arg>
<arg>${resp.json()}</arg>
<doc>Makes a variable available everywhere within the scope of the current test.</doc>
<msg timestamp="20231108 14:58:51.177" level="INFO">${actualResult} = {'personInfoResponseModel': {'englishFirstName': 'MOHAMMED', 'englishLastName': 'KHAYAT', 'englishSecondName': 'KHALID', 'englishThirdName': 'M', 'arabicFirstName': 'محمد', 'arabicSecondName': 'محمد',...</msg>
<status status="PASS" starttime="20231108 14:58:51.176" endtime="20231108 14:58:51.177"/>
</kw>
<kw name="Should Be Equal As Strings" library="BuiltIn">
<arg>${resp.status_code}</arg>
<arg>${statuscode}</arg>
<doc>Fails if objects are unequal after converting them to strings.</doc>
<msg timestamp="20231108 14:58:51.177" level="INFO">Argument types are:
&lt;class 'int'&gt;
&lt;class 'str'&gt;</msg>
<status status="PASS" starttime="20231108 14:58:51.177" endtime="20231108 14:58:51.177"/>
</kw>
<kw name="Set Test Variable" library="BuiltIn">
<arg>${actualResult}</arg>
<doc>Makes a variable available everywhere within the scope of the current test.</doc>
<msg timestamp="20231108 14:58:51.178" level="INFO">${actualResult} = {'personInfoResponseModel': {'englishFirstName': 'MOHAMMED', 'englishLastName': 'KHAYAT', 'englishSecondName': 'KHALID', 'englishThirdName': 'M', 'arabicFirstName': 'محمد', 'arabicSecondName': 'محمد',...</msg>
<status status="PASS" starttime="20231108 14:58:51.178" endtime="20231108 14:58:51.178"/>
</kw>
<status status="PASS" starttime="20231108 14:58:49.190" endtime="20231108 14:58:51.178"/>
</kw>
<kw name="Set Test Variable" library="BuiltIn">
<arg>${ApplicationRef}</arg>
<arg>${actualResult['applicationReference']}</arg>
<doc>Makes a variable available everywhere within the scope of the current test.</doc>
<msg timestamp="20231108 14:58:51.179" level="INFO">${ApplicationRef} = bd488e59-6fbf-4c8b-8411-45739f4833b0</msg>
<status status="PASS" starttime="20231108 14:58:51.178" endtime="20231108 14:58:51.179"/>
</kw>
<status status="PASS" starttime="20231108 14:58:49.181" endtime="20231108 14:58:51.179"/>
</kw>
<kw name="Create API session" library="API_Preferences">
<kw name="Generate Random String" library="String">
<var>${randomNumber}</var>
<arg>4</arg>
<arg>[NUMBERS]</arg>
<doc>Generates a string with a desired ``length`` from the given ``chars``.</doc>
<msg timestamp="20231108 14:58:51.179" level="INFO">${randomNumber} = 9568</msg>
<status status="PASS" starttime="20231108 14:58:51.179" endtime="20231108 14:58:51.179"/>
</kw>
<kw name="Catenate" library="BuiltIn">
<var>${sessionName}</var>
<arg>session_${randomNumber}</arg>
<doc>Catenates the given items together and returns the resulted string.</doc>
<msg timestamp="20231108 14:58:51.180" level="INFO">${sessionName} = session_9568</msg>
<status status="PASS" starttime="20231108 14:58:51.180" endtime="20231108 14:58:51.180"/>
</kw>
<kw name="Set Global Variable" library="BuiltIn">
<arg>${sessionName}</arg>
<doc>Makes a variable available globally in all tests and suites.</doc>
<msg timestamp="20231108 14:58:51.180" level="INFO">${sessionName} = session_9568</msg>
<status status="PASS" starttime="20231108 14:58:51.180" endtime="20231108 14:58:51.180"/>
</kw>
<kw name="Create Session" library="RequestsLibrary">
<arg>${sessionName}</arg>
<arg>${Base_Url}</arg>
<arg>timeout=30</arg>
<arg>disable_warnings=1</arg>
<doc>Create Session: create a HTTP session to a server</doc>
<msg timestamp="20231108 14:58:51.180" level="INFO">Creating Session using : alias=session_9568, url=http://10.142.4.171:8091/api, headers={},                     cookies={}, auth=None, timeout=30, proxies=None, verify=False,                     debug=0 </msg>
<status status="PASS" starttime="20231108 14:58:51.180" endtime="20231108 14:58:51.181"/>
</kw>
<status status="PASS" starttime="20231108 14:58:51.179" endtime="20231108 14:58:51.181"/>
</kw>
<kw name="Evaluate" library="BuiltIn">
<var>${Payload}</var>
<arg>json.dumps({"IdentityNumber":"${identityNumber}" ,"dateOfBirthMonth": ${dateOfBirthMonth} ,"dateOfBirthYear": ${dateOfBirthYear} ,"policyEffectiveDate":"30-10-2023@","mobileNumber":"${mobileNumber}"})</arg>
<doc>Evaluates the given expression in Python and returns the result.</doc>
<msg timestamp="20231108 14:58:51.181" level="INFO">${Payload} = {"IdentityNumber": "1061246813", "dateOfBirthMonth": 11, "dateOfBirthYear": 1409, "policyEffectiveDate": "30-10-2023@", "mobileNumber": "0552141235"}</msg>
<status status="PASS" starttime="20231108 14:58:51.181" endtime="20231108 14:58:51.181"/>
</kw>
<kw name="Put request and check response with body appears" library="API_Preferences">
<arg>${sessionName}</arg>
<arg>${URI}/${ApplicationRef}/Sponsors</arg>
<arg>${Payload}</arg>
<arg>422</arg>
<kw name="Create Dictionary" library="BuiltIn">
<var>${header}</var>
<arg>Content-Type=application/json</arg>
<doc>Creates and returns a dictionary based on the given ``items``.</doc>
<msg timestamp="20231108 14:58:51.181" level="INFO">${header} = {'Content-Type': 'application/json'}</msg>
<status status="PASS" starttime="20231108 14:58:51.181" endtime="20231108 14:58:51.181"/>
</kw>
<kw name="Put Request" library="RequestsLibrary">
<var>${resp}</var>
<arg>${sessionName}</arg>
<arg>${SecondUrl}</arg>
<arg>${body}</arg>
<arg>headers=${header}</arg>
<doc>*DEPRECATED* Please use `PUT On Session` instead.</doc>
<msg timestamp="20231108 14:58:51.181" level="WARN">Keyword 'RequestsLibrary.Put Request' is deprecated. Please use `PUT On Session` instead.</msg>
<msg timestamp="20231108 14:58:51.472" level="INFO">PUT Request : url=http://10.142.4.171:8091/api/Applications/bd488e59-6fbf-4c8b-8411-45739f4833b0/Sponsors 
 path_url=/api/Applications/bd488e59-6fbf-4c8b-8411-45739f4833b0/Sponsors 
 headers={'User-Agent': 'python-requests/2.31.0', 'Accept-Encoding': 'gzip, deflate', 'Accept': '*/*', 'Connection': 'keep-alive', 'Content-Type': 'application/json', 'Content-Length': '149'} 
 body=b'{"IdentityNumber": "1061246813", "dateOfBirthMonth": 11, "dateOfBirthYear": 1409, "policyEffectiveDate": "30-10-2023@", "mobileNumber": "0552141235"}' 
 </msg>
<msg timestamp="20231108 14:58:51.472" level="INFO">PUT Response : url=http://10.142.4.171:8091/api/Applications/bd488e59-6fbf-4c8b-8411-45739f4833b0/Sponsors 
 status=422, reason=Unprocessable Entity 
 headers={'Content-Type': 'application/json; charset=utf-8', 'Date': 'Wed, 08 Nov 2023 12:58:56 GMT', 'Server': 'Kestrel', 'Transfer-Encoding': 'chunked'} 
 body={"traceId":null,"errorCode":"ValidationErrorCode","errors":["Invalid Policy Effective Date Format","Policy Effective Date must Start From Tomorrow"]} 
 </msg>
<msg timestamp="20231108 14:58:51.472" level="INFO">${resp} = &lt;Response [422]&gt;</msg>
<status status="PASS" starttime="20231108 14:58:51.181" endtime="20231108 14:58:51.472"/>
</kw>
<kw name="Set Test Variable" library="BuiltIn">
<arg>${actualResult}</arg>
<arg>${resp.json()}</arg>
<doc>Makes a variable available everywhere within the scope of the current test.</doc>
<msg timestamp="20231108 14:58:51.472" level="INFO">${actualResult} = {'traceId': None, 'errorCode': 'ValidationErrorCode', 'errors': ['Invalid Policy Effective Date Format', 'Policy Effective Date must Start From Tomorrow']}</msg>
<status status="PASS" starttime="20231108 14:58:51.472" endtime="20231108 14:58:51.472"/>
</kw>
<kw name="Should Be Equal As Strings" library="BuiltIn">
<arg>${resp.status_code}</arg>
<arg>${statuscode}</arg>
<doc>Fails if objects are unequal after converting them to strings.</doc>
<msg timestamp="20231108 14:58:51.472" level="INFO">Argument types are:
&lt;class 'int'&gt;
&lt;class 'str'&gt;</msg>
<status status="PASS" starttime="20231108 14:58:51.472" endtime="20231108 14:58:51.480"/>
</kw>
<kw name="Set Test Variable" library="BuiltIn">
<arg>${actualResult}</arg>
<doc>Makes a variable available everywhere within the scope of the current test.</doc>
<msg timestamp="20231108 14:58:51.480" level="INFO">${actualResult} = {'traceId': None, 'errorCode': 'ValidationErrorCode', 'errors': ['Invalid Policy Effective Date Format', 'Policy Effective Date must Start From Tomorrow']}</msg>
<status status="PASS" starttime="20231108 14:58:51.480" endtime="20231108 14:58:51.480"/>
</kw>
<status status="PASS" starttime="20231108 14:58:51.181" endtime="20231108 14:58:51.480"/>
</kw>
<kw name="Set Test Variable" library="BuiltIn">
<arg>${actualResult}</arg>
<doc>Makes a variable available everywhere within the scope of the current test.</doc>
<msg timestamp="20231108 14:58:51.480" level="INFO">${actualResult} = {'traceId': None, 'errorCode': 'ValidationErrorCode', 'errors': ['Invalid Policy Effective Date Format', 'Policy Effective Date must Start From Tomorrow']}</msg>
<status status="PASS" starttime="20231108 14:58:51.480" endtime="20231108 14:58:51.480"/>
</kw>
<kw name=" verify API Response when send PUT Request for sponsor with policy effective date with special character" library="Keywords_PUT_Sponsors">
<arg>${actualResult}</arg>
<doc>veriy actual resutls</doc>
<kw name="Should Be Equal As Strings" library="BuiltIn">
<arg>${actualResult['errorCode']}</arg>
<arg>ValidationErrorCode</arg>
<doc>Fails if objects are unequal after converting them to strings.</doc>
<status status="PASS" starttime="20231108 14:58:51.480" endtime="20231108 14:58:51.480"/>
</kw>
<kw name="Should Be Equal As Strings" library="BuiltIn">
<arg>${actualResult['errors']}</arg>
<arg>['Invalid Policy Effective Date Format', 'Policy Effective Date must Start From Tomorrow']</arg>
<doc>Fails if objects are unequal after converting them to strings.</doc>
<msg timestamp="20231108 14:58:51.480" level="INFO">Argument types are:
&lt;class 'list'&gt;
&lt;class 'str'&gt;</msg>
<status status="PASS" starttime="20231108 14:58:51.480" endtime="20231108 14:58:51.480"/>
</kw>
<status status="PASS" starttime="20231108 14:58:51.480" endtime="20231108 14:58:51.480"/>
</kw>
<status status="PASS" starttime="20231108 14:58:49.181" endtime="20231108 14:58:51.480"/>
</test>
<doc>Create application suite is designed for test and verify that application created successfully with its application reference</doc>
<status status="PASS" starttime="20231108 14:58:48.916" endtime="20231108 14:58:51.480"/>
</suite>
<statistics>
<total>
<stat pass="1" fail="0" skip="0">All Tests</stat>
</total>
<tag>
</tag>
<suite>
<stat pass="1" fail="0" skip="0" id="s1" name="0.5-PUT-Sponsors">0.5-PUT-Sponsors</stat>
</suite>
</statistics>
<errors>
<msg timestamp="20231108 14:58:49.155" level="ERROR">Error in file 'C:\Users\aahmed\PycharmProjects\DW-API_QC_Automation\Resources\Database\Assertions.robot' on line 2: Importing library 'SeleniumLibrary' failed: ModuleNotFoundError: No module named 'SeleniumLibrary'
Traceback (most recent call last):
  None
PYTHONPATH:
  C:\Users\aahmed\AppData\Roaming\JetBrains\PyCharmCE2023.2\plugins\robotframework-intellij\lib\robotframework_debug_adapter
  C:\Users\aahmed\PycharmProjects\DW-API_QC_Automation
  C:\Users\aahmed\AppData\Roaming\JetBrains\PyCharmCE2023.2\plugins\robotframework-intellij\lib
  C:\Users\aahmed\AppData\Roaming\JetBrains\PyCharmCE2023.2\plugins\robotframework-intellij\lib\robotframework_ls\vendored
  C:\Users\aahmed\AppData\Local\Programs\Python\Python311\python311.zip
  C:\Users\aahmed\AppData\Local\Programs\Python\Python311\DLLs
  C:\Users\aahmed\AppData\Local\Programs\Python\Python311\Lib
  C:\Users\aahmed\AppData\Local\Programs\Python\Python311
  C:\Users\aahmed\AppData\Local\Programs\Python\Python311\Lib\site-packages</msg>
<msg timestamp="20231108 14:58:49.162" level="ERROR">Error in file 'C:\Users\aahmed\PycharmProjects\DW-API_QC_Automation\Resources\Database\DataBaseConnection.robot' on line 2: Importing library 'SeleniumLibrary' failed: ModuleNotFoundError: No module named 'SeleniumLibrary'
Traceback (most recent call last):
  None
PYTHONPATH:
  C:\Users\aahmed\AppData\Roaming\JetBrains\PyCharmCE2023.2\plugins\robotframework-intellij\lib\robotframework_debug_adapter
  C:\Users\aahmed\PycharmProjects\DW-API_QC_Automation
  C:\Users\aahmed\AppData\Roaming\JetBrains\PyCharmCE2023.2\plugins\robotframework-intellij\lib
  C:\Users\aahmed\AppData\Roaming\JetBrains\PyCharmCE2023.2\plugins\robotframework-intellij\lib\robotframework_ls\vendored
  C:\Users\aahmed\AppData\Local\Programs\Python\Python311\python311.zip
  C:\Users\aahmed\AppData\Local\Programs\Python\Python311\DLLs
  C:\Users\aahmed\AppData\Local\Programs\Python\Python311\Lib
  C:\Users\aahmed\AppData\Local\Programs\Python\Python311
  C:\Users\aahmed\AppData\Local\Programs\Python\Python311\Lib\site-packages</msg>
<msg timestamp="20231108 14:58:49.171" level="ERROR">Error in file 'C:\Users\aahmed\PycharmProjects\DW-API_QC_Automation\Resources\Keyword\Keywords-GetSponsorInfo.robot' on line 9: Library setting requires value.</msg>
<msg timestamp="20231108 14:58:49.178" level="ERROR">Error in file 'C:\Users\aahmed\PycharmProjects\DW-API_QC_Automation\Resources\Keyword\Common.robot' on line 8: Resource file '..\Resources\Objects\API_Preferences.robot' does not exist.</msg>
<msg timestamp="20231108 14:58:49.178" level="ERROR">Error in file 'C:\Users\aahmed\PycharmProjects\DW-API_QC_Automation\Resources\Keyword\Common.robot' on line 9: Resource file '..\Resources\Keyword\Keywords_CreateApplication.robot' does not exist.</msg>
<msg timestamp="20231108 14:58:49.181" level="ERROR">Error in file 'C:\Users\aahmed\PycharmProjects\DW-API_QC_Automation\Resources\Keyword\Common.robot' on line 10: Resource file '..\Resources\Keyword\Keywords_GettingWorkersInquiryFromYakeet.robot' does not exist.</msg>
<msg timestamp="20231108 14:58:49.194" level="WARN">Keyword 'RequestsLibrary.Post Request' is deprecated. Please use `POST On Session` instead.</msg>
<msg timestamp="20231108 14:58:51.181" level="WARN">Keyword 'RequestsLibrary.Put Request' is deprecated. Please use `PUT On Session` instead.</msg>
</errors>
</robot>
